HLA-A*01:01:01:01
HLA-A*01:01:01:02N
HLA-A*01:01:01:03
HLA-A*01:01:01:04
HLA-A*01:01:01:05
HLA-A*01:01:01:06
HLA-A*01:01:01:07
HLA-A*01:01:01:08
HLA-A*01:01:01:09
HLA-A*01:01:01:10
HLA-A*01:01:01:11
HLA-A*01:01:01:12
HLA-A*01:01:01:13
HLA-A*01:01:01:14
HLA-A*01:01:01:15
HLA-A*01:01:01:16
HLA-A*01:01:01:17
HLA-A*01:01:01:18
HLA-A*01:01:01:19
HLA-A*01:01:01:20
HLA-A*01:01:01:21
HLA-A*01:01:01:22
HLA-A*01:01:01:23
HLA-A*01:01:01:24
HLA-A*01:01:01:25
HLA-A*01:01:01:26
HLA-A*01:01:01:27
HLA-A*01:01:01:28
HLA-A*01:01:01:29
HLA-A*01:01:01:30
HLA-A*01:01:01:31
HLA-A*01:01:01:32
HLA-A*01:01:01:33
HLA-A*01:01:01:34
HLA-A*01:01:01:35
HLA-A*01:01:01:36
HLA-A*01:01:01:37
HLA-A*01:01:01:38
HLA-A*01:01:01:39
HLA-A*01:01:01:40
HLA-A*01:01:01:41
HLA-A*01:01:01:42
HLA-A*01:01:01:43
HLA-A*01:01:01:44
HLA-A*01:01:01:45
HLA-A*01:01:01:46
HLA-A*01:01:01:47
HLA-A*01:01:01:48
HLA-A*01:01:01:49
HLA-A*01:01:01:50
HLA-A*01:01:01:51
HLA-A*01:01:01:52
HLA-A*01:01:01:53
HLA-A*01:01:01:54
HLA-A*01:01:01:55
HLA-A*01:01:01:56
HLA-A*01:01:01:57
HLA-A*01:01:01:58
HLA-A*01:01:01:59
HLA-A*01:01:01:60
HLA-A*01:01:01:61
HLA-A*01:01:01:62
HLA-A*01:01:01:63
HLA-A*01:01:01:64
HLA-A*01:01:01:65
HLA-A*01:01:01:66
HLA-A*01:01:01:67
HLA-A*01:01:01:68
HLA-A*01:01:01:69
HLA-A*01:01:01:70
HLA-A*01:01:01:71
HLA-A*01:01:01:72
HLA-A*01:01:01:73
HLA-A*01:01:01:74
HLA-A*01:01:01:75
HLA-A*01:01:01:76
HLA-A*01:01:01:77
HLA-A*01:01:01:78
HLA-A*01:01:01:79
HLA-A*01:01:01:80
HLA-A*01:01:01:81
HLA-A*01:01:01:82
HLA-A*01:01:01:83
HLA-A*01:01:01:84
HLA-A*01:01:01:85
HLA-A*01:01:01:86
HLA-A*01:01:01:87
HLA-A*01:01:01:88
HLA-A*01:01:01:89
HLA-A*01:01:01:90
HLA-A*01:01:01:91
HLA-A*01:01:02
HLA-A*01:01:03
HLA-A*01:01:10
HLA-A*01:01:100
HLA-A*01:01:101
HLA-A*01:01:102
HLA-A*01:01:103
HLA-A*01:01:104
HLA-A*01:01:105
HLA-A*01:01:106
HLA-A*01:01:107
HLA-A*01:01:108
HLA-A*01:01:109
HLA-A*01:01:11
HLA-A*01:01:110
HLA-A*01:01:111
HLA-A*01:01:112
HLA-A*01:01:113
HLA-A*01:01:114
HLA-A*01:01:115
HLA-A*01:01:116
HLA-A*01:01:117
HLA-A*01:01:118
HLA-A*01:01:119
HLA-A*01:01:120
HLA-A*01:01:121
HLA-A*01:01:122
HLA-A*01:01:123
HLA-A*01:01:124
HLA-A*01:01:125
HLA-A*01:01:126
HLA-A*01:01:13
HLA-A*01:01:16
HLA-A*01:01:38L
HLA-A*01:01:53
HLA-A*01:01:65
HLA-A*01:01:71
HLA-A*01:01:72
HLA-A*01:01:73
HLA-A*01:01:77
HLA-A*01:01:78
HLA-A*01:01:79
HLA-A*01:01:80
HLA-A*01:01:82
HLA-A*01:01:83
HLA-A*01:01:84
HLA-A*01:01:85
HLA-A*01:01:86
HLA-A*01:01:87
HLA-A*01:01:88
HLA-A*01:01:89
HLA-A*01:01:90
HLA-A*01:01:91
HLA-A*01:01:92
HLA-A*01:01:93
HLA-A*01:01:94
HLA-A*01:01:95
HLA-A*01:01:96
HLA-A*01:01:97
HLA-A*01:01:98
HLA-A*01:01:99
HLA-A*01:02:01
HLA-A*01:03:01:01
HLA-A*01:03:01:02
HLA-A*01:03:02
HLA-A*01:06
HLA-A*01:09:01:01
HLA-A*01:09:01:02
HLA-A*01:23:01
HLA-A*01:23:02
HLA-A*02:01:01:01
HLA-A*02:01:01:02L
HLA-A*02:01:01:03
HLA-A*02:01:01:04
HLA-A*02:01:01:05
HLA-A*02:01:01:06
HLA-A*02:01:01:07
HLA-A*02:01:01:08
HLA-A*02:01:01:09
HLA-A*02:01:01:10
HLA-A*02:01:01:100
HLA-A*02:01:01:101
HLA-A*02:01:01:102
HLA-A*02:01:01:103
HLA-A*02:01:01:104
HLA-A*02:01:01:105
HLA-A*02:01:01:106
HLA-A*02:01:01:107
HLA-A*02:01:01:108
HLA-A*02:01:01:109
HLA-A*02:01:01:11
HLA-A*02:01:01:110
HLA-A*02:01:01:111
HLA-A*02:01:01:112
HLA-A*02:01:01:113
HLA-A*02:01:01:114
HLA-A*02:01:01:115
HLA-A*02:01:01:116
HLA-A*02:01:01:117
HLA-A*02:01:01:118
HLA-A*02:01:01:119
HLA-A*02:01:01:12
HLA-A*02:01:01:120
HLA-A*02:01:01:121
HLA-A*02:01:01:122
HLA-A*02:01:01:123
HLA-A*02:01:01:124
HLA-A*02:01:01:125
HLA-A*02:01:01:126
HLA-A*02:01:01:127
HLA-A*02:01:01:128
HLA-A*02:01:01:129
HLA-A*02:01:01:13
HLA-A*02:01:01:130
HLA-A*02:01:01:131
HLA-A*02:01:01:132
HLA-A*02:01:01:133
HLA-A*02:01:01:134Q
HLA-A*02:01:01:135
HLA-A*02:01:01:136
HLA-A*02:01:01:137
HLA-A*02:01:01:138
HLA-A*02:01:01:139
HLA-A*02:01:01:14
HLA-A*02:01:01:140
HLA-A*02:01:01:141
HLA-A*02:01:01:142
HLA-A*02:01:01:143
HLA-A*02:01:01:144
HLA-A*02:01:01:145
HLA-A*02:01:01:146
HLA-A*02:01:01:147
HLA-A*02:01:01:148
HLA-A*02:01:01:149
HLA-A*02:01:01:15
HLA-A*02:01:01:150
HLA-A*02:01:01:151
HLA-A*02:01:01:152
HLA-A*02:01:01:153
HLA-A*02:01:01:154
HLA-A*02:01:01:155
HLA-A*02:01:01:156
HLA-A*02:01:01:157
HLA-A*02:01:01:158
HLA-A*02:01:01:159
HLA-A*02:01:01:16
HLA-A*02:01:01:160
HLA-A*02:01:01:161
HLA-A*02:01:01:162
HLA-A*02:01:01:163
HLA-A*02:01:01:164
HLA-A*02:01:01:165
HLA-A*02:01:01:166
HLA-A*02:01:01:167
HLA-A*02:01:01:168
HLA-A*02:01:01:169
HLA-A*02:01:01:17
HLA-A*02:01:01:170
HLA-A*02:01:01:171
HLA-A*02:01:01:172
HLA-A*02:01:01:173
HLA-A*02:01:01:174
HLA-A*02:01:01:175
HLA-A*02:01:01:176
HLA-A*02:01:01:177
HLA-A*02:01:01:178
HLA-A*02:01:01:179
HLA-A*02:01:01:18
HLA-A*02:01:01:180
HLA-A*02:01:01:181
HLA-A*02:01:01:182
HLA-A*02:01:01:183
HLA-A*02:01:01:184
HLA-A*02:01:01:185
HLA-A*02:01:01:186
HLA-A*02:01:01:187
HLA-A*02:01:01:188
HLA-A*02:01:01:189
HLA-A*02:01:01:19
HLA-A*02:01:01:190
HLA-A*02:01:01:191
HLA-A*02:01:01:192
HLA-A*02:01:01:193
HLA-A*02:01:01:194
HLA-A*02:01:01:195
HLA-A*02:01:01:196
HLA-A*02:01:01:197
HLA-A*02:01:01:198
HLA-A*02:01:01:199
HLA-A*02:01:01:20
HLA-A*02:01:01:200
HLA-A*02:01:01:21
HLA-A*02:01:01:22
HLA-A*02:01:01:23
HLA-A*02:01:01:24
HLA-A*02:01:01:25
HLA-A*02:01:01:26
HLA-A*02:01:01:27
HLA-A*02:01:01:28
HLA-A*02:01:01:29
HLA-A*02:01:01:30
HLA-A*02:01:01:31
HLA-A*02:01:01:32
HLA-A*02:01:01:33
HLA-A*02:01:01:34
HLA-A*02:01:01:35
HLA-A*02:01:01:36
HLA-A*02:01:01:37
HLA-A*02:01:01:38
HLA-A*02:01:01:39
HLA-A*02:01:01:40
HLA-A*02:01:01:41
HLA-A*02:01:01:42
HLA-A*02:01:01:43
HLA-A*02:01:01:44
HLA-A*02:01:01:45
HLA-A*02:01:01:46
HLA-A*02:01:01:47
HLA-A*02:01:01:48
HLA-A*02:01:01:49
HLA-A*02:01:01:50
HLA-A*02:01:01:51
HLA-A*02:01:01:52
HLA-A*02:01:01:53
HLA-A*02:01:01:54
HLA-A*02:01:01:55
HLA-A*02:01:01:56
HLA-A*02:01:01:57
HLA-A*02:01:01:58
HLA-A*02:01:01:59
HLA-A*02:01:01:60
HLA-A*02:01:01:61
HLA-A*02:01:01:62
HLA-A*02:01:01:63
HLA-A*02:01:01:64
HLA-A*02:01:01:65
HLA-A*02:01:01:66
HLA-A*02:01:01:67
HLA-A*02:01:01:68
HLA-A*02:01:01:69
HLA-A*02:01:01:70
HLA-A*02:01:01:71
HLA-A*02:01:01:72
HLA-A*02:01:01:73
HLA-A*02:01:01:74
HLA-A*02:01:01:75
HLA-A*02:01:01:76
HLA-A*02:01:01:77
HLA-A*02:01:01:78
HLA-A*02:01:01:79
HLA-A*02:01:01:80
HLA-A*02:01:01:81
HLA-A*02:01:01:82
HLA-A*02:01:01:83
HLA-A*02:01:01:84
HLA-A*02:01:01:85
HLA-A*02:01:01:86
HLA-A*02:01:01:87
HLA-A*02:01:01:88
HLA-A*02:01:01:89
HLA-A*02:01:01:90
HLA-A*02:01:01:91
HLA-A*02:01:01:92
HLA-A*02:01:01:93
HLA-A*02:01:01:94
HLA-A*02:01:01:95
HLA-A*02:01:01:96
HLA-A*02:01:01:97
HLA-A*02:01:01:98
HLA-A*02:01:01:99
HLA-A*02:01:02:01
HLA-A*02:01:02:02
HLA-A*02:01:04
HLA-A*02:01:05
HLA-A*02:01:09
HLA-A*02:01:11
HLA-A*02:01:111
HLA-A*02:01:119
HLA-A*02:01:120
HLA-A*02:01:121
HLA-A*02:01:123
HLA-A*02:01:124
HLA-A*02:01:125
HLA-A*02:01:126
HLA-A*02:01:127
HLA-A*02:01:128
HLA-A*02:01:130
HLA-A*02:01:132
HLA-A*02:01:133
HLA-A*02:01:134
HLA-A*02:01:135
HLA-A*02:01:136
HLA-A*02:01:137
HLA-A*02:01:138
HLA-A*02:01:139
HLA-A*02:01:140
HLA-A*02:01:141
HLA-A*02:01:142
HLA-A*02:01:143
HLA-A*02:01:145
HLA-A*02:01:146
HLA-A*02:01:147
HLA-A*02:01:148
HLA-A*02:01:149
HLA-A*02:01:14Q
HLA-A*02:01:15
HLA-A*02:01:150
HLA-A*02:01:151
HLA-A*02:01:153
HLA-A*02:01:154
HLA-A*02:01:155
HLA-A*02:01:156
HLA-A*02:01:157
HLA-A*02:01:158
HLA-A*02:01:159
HLA-A*02:01:160
HLA-A*02:01:161
HLA-A*02:01:162
HLA-A*02:01:163
HLA-A*02:01:164
HLA-A*02:01:165
HLA-A*02:01:166
HLA-A*02:01:167
HLA-A*02:01:168
HLA-A*02:01:169
HLA-A*02:01:170
HLA-A*02:01:171
HLA-A*02:01:172
HLA-A*02:01:173
HLA-A*02:01:174
HLA-A*02:01:175
HLA-A*02:01:176
HLA-A*02:01:177
HLA-A*02:01:178
HLA-A*02:01:180
HLA-A*02:01:181
HLA-A*02:01:182
HLA-A*02:01:183
HLA-A*02:01:184
HLA-A*02:01:185
HLA-A*02:01:186
HLA-A*02:01:187
HLA-A*02:01:189
HLA-A*02:01:19
HLA-A*02:01:190
HLA-A*02:01:191
HLA-A*02:01:192
HLA-A*02:01:193
HLA-A*02:01:194
HLA-A*02:01:195
HLA-A*02:01:196
HLA-A*02:01:21
HLA-A*02:01:22
HLA-A*02:01:30
HLA-A*02:01:31
HLA-A*02:01:38
HLA-A*02:01:52
HLA-A*02:01:56
HLA-A*02:01:71
HLA-A*02:02:01:01
HLA-A*02:02:01:02
HLA-A*02:02:01:03
HLA-A*02:02:01:04
HLA-A*02:02:01:05
HLA-A*02:02:01:06
HLA-A*02:02:01:07
HLA-A*02:02:01:08
HLA-A*02:02:04
HLA-A*02:02:05
HLA-A*02:02:06
HLA-A*02:03:01:01
HLA-A*02:03:01:02
HLA-A*02:03:03
HLA-A*02:03:04
HLA-A*02:03:09
HLA-A*02:03:10
HLA-A*02:04
HLA-A*02:05:01:01
HLA-A*02:05:01:02
HLA-A*02:05:01:03
HLA-A*02:05:01:04
HLA-A*02:05:01:05
HLA-A*02:05:01:06
HLA-A*02:05:01:07
HLA-A*02:05:01:08
HLA-A*02:05:01:09
HLA-A*02:05:01:10
HLA-A*02:05:01:11
HLA-A*02:05:01:12
HLA-A*02:05:01:13
HLA-A*02:05:01:14
HLA-A*02:05:01:15
HLA-A*02:05:01:16
HLA-A*02:05:07
HLA-A*02:05:08
HLA-A*02:05:09
HLA-A*02:05:10
HLA-A*02:05:11
HLA-A*02:05:12
HLA-A*02:06:01:01
HLA-A*02:06:01:02
HLA-A*02:06:01:03
HLA-A*02:06:01:04
HLA-A*02:06:01:05
HLA-A*02:06:01:06
HLA-A*02:06:01:07
HLA-A*02:06:01:08
HLA-A*02:06:01:09
HLA-A*02:06:01:10
HLA-A*02:06:01:11
HLA-A*02:06:01:12
HLA-A*02:06:05
HLA-A*02:06:08
HLA-A*02:06:19
HLA-A*02:06:22
HLA-A*02:06:23
HLA-A*02:06:24
HLA-A*02:06:25
HLA-A*02:06:26
HLA-A*02:06:27
HLA-A*02:06:28
HLA-A*02:06:29
HLA-A*02:06:30
HLA-A*02:07:01:01
HLA-A*02:07:01:02
HLA-A*02:07:01:03
HLA-A*02:07:11
HLA-A*02:07:12
HLA-A*02:07:13
HLA-A*02:07:14
HLA-A*02:07:16
HLA-A*02:07:17
HLA-A*02:07:18
HLA-A*02:07:19
HLA-A*02:07:20
HLA-A*02:08
HLA-A*02:10
HLA-A*02:11:01:01
HLA-A*02:11:01:02
HLA-A*02:11:01:03
HLA-A*02:12
HLA-A*02:13
HLA-A*02:14
HLA-A*02:16
HLA-A*02:17:02:01
HLA-A*02:17:02:02
HLA-A*02:18
HLA-A*02:19
HLA-A*02:20:01
HLA-A*02:20:02
HLA-A*02:21
HLA-A*02:22:01:01
HLA-A*02:22:01:02
HLA-A*02:24:01
HLA-A*02:26
HLA-A*02:27
HLA-A*02:29
HLA-A*02:30:01
HLA-A*02:30:02
HLA-A*02:33
HLA-A*02:34
HLA-A*02:35:01
HLA-A*02:36
HLA-A*02:38
HLA-A*02:42:02
HLA-A*02:44
HLA-A*02:48
HLA-A*02:49:01
HLA-A*02:49:02
HLA-A*02:51
HLA-A*02:53N
HLA-A*02:54
HLA-A*02:57
HLA-A*02:58
HLA-A*02:60:01
HLA-A*02:64:01
HLA-A*02:67
HLA-A*02:74:01
HLA-A*02:85
HLA-A*02:90
HLA-A*02:93:01
HLA-A*02:93:02
HLA-A*03:01:01:01
HLA-A*03:01:01:02N
HLA-A*03:01:01:03
HLA-A*03:01:01:04
HLA-A*03:01:01:05
HLA-A*03:01:01:06
HLA-A*03:01:01:07
HLA-A*03:01:01:08
HLA-A*03:01:01:09
HLA-A*03:01:01:10
HLA-A*03:01:01:11
HLA-A*03:01:01:12
HLA-A*03:01:01:13
HLA-A*03:01:01:14
HLA-A*03:01:01:15
HLA-A*03:01:01:16
HLA-A*03:01:01:17
HLA-A*03:01:01:18
HLA-A*03:01:01:19
HLA-A*03:01:01:20
HLA-A*03:01:01:21
HLA-A*03:01:01:22
HLA-A*03:01:01:23
HLA-A*03:01:01:24
HLA-A*03:01:01:25
HLA-A*03:01:01:26
HLA-A*03:01:01:27
HLA-A*03:01:01:28
HLA-A*03:01:01:29
HLA-A*03:01:01:30
HLA-A*03:01:01:31
HLA-A*03:01:01:32
HLA-A*03:01:01:33
HLA-A*03:01:01:34
HLA-A*03:01:01:35
HLA-A*03:01:01:36
HLA-A*03:01:01:37
HLA-A*03:01:01:38
HLA-A*03:01:01:39
HLA-A*03:01:01:40
HLA-A*03:01:01:41
HLA-A*03:01:01:42
HLA-A*03:01:01:43
HLA-A*03:01:01:44
HLA-A*03:01:01:45
HLA-A*03:01:01:46
HLA-A*03:01:01:47
HLA-A*03:01:01:48
HLA-A*03:01:01:49
HLA-A*03:01:01:50
HLA-A*03:01:01:51
HLA-A*03:01:01:52
HLA-A*03:01:01:53
HLA-A*03:01:01:54
HLA-A*03:01:01:55
HLA-A*03:01:01:56
HLA-A*03:01:01:57
HLA-A*03:01:01:58
HLA-A*03:01:01:59
HLA-A*03:01:01:60
HLA-A*03:01:01:61
HLA-A*03:01:01:62
HLA-A*03:01:01:63
HLA-A*03:01:01:64
HLA-A*03:01:01:65
HLA-A*03:01:01:66
HLA-A*03:01:01:67
HLA-A*03:01:01:68
HLA-A*03:01:01:69
HLA-A*03:01:01:70
HLA-A*03:01:01:71
HLA-A*03:01:01:72
HLA-A*03:01:01:73
HLA-A*03:01:01:74
HLA-A*03:01:01:75
HLA-A*03:01:01:76
HLA-A*03:01:01:77
HLA-A*03:01:01:78
HLA-A*03:01:01:79
HLA-A*03:01:01:80
HLA-A*03:01:01:81
HLA-A*03:01:01:82
HLA-A*03:01:02
HLA-A*03:01:03
HLA-A*03:01:100
HLA-A*03:01:101
HLA-A*03:01:11
HLA-A*03:01:14
HLA-A*03:01:15
HLA-A*03:01:16
HLA-A*03:01:17
HLA-A*03:01:39
HLA-A*03:01:58
HLA-A*03:01:59
HLA-A*03:01:60
HLA-A*03:01:63
HLA-A*03:01:64
HLA-A*03:01:65
HLA-A*03:01:66
HLA-A*03:01:67
HLA-A*03:01:68
HLA-A*03:01:69
HLA-A*03:01:70
HLA-A*03:01:71
HLA-A*03:01:72
HLA-A*03:01:73
HLA-A*03:01:74
HLA-A*03:01:75
HLA-A*03:01:76
HLA-A*03:01:77
HLA-A*03:01:78
HLA-A*03:01:79:01
HLA-A*03:01:79:02
HLA-A*03:01:80
HLA-A*03:01:81
HLA-A*03:01:82
HLA-A*03:01:83
HLA-A*03:01:84
HLA-A*03:01:86
HLA-A*03:01:87
HLA-A*03:01:88
HLA-A*03:01:89
HLA-A*03:01:90
HLA-A*03:01:91
HLA-A*03:01:92:01
HLA-A*03:01:92:02
HLA-A*03:01:93
HLA-A*03:01:94
HLA-A*03:01:96
HLA-A*03:01:97
HLA-A*03:01:98
HLA-A*03:01:99
HLA-A*03:02:01:01
HLA-A*03:02:01:02
HLA-A*03:02:01:03
HLA-A*03:02:04
HLA-A*03:02:05
HLA-A*03:02:06
HLA-A*03:05:01
HLA-A*03:07:01:01
HLA-A*03:07:01:02
HLA-A*03:08:01:01
HLA-A*03:08:01:02
HLA-A*03:10
HLA-A*03:22:01
HLA-A*03:25
HLA-A*11:01:01:01
HLA-A*11:01:01:02
HLA-A*11:01:01:03
HLA-A*11:01:01:04
HLA-A*11:01:01:05
HLA-A*11:01:01:06
HLA-A*11:01:01:07
HLA-A*11:01:01:08
HLA-A*11:01:01:09
HLA-A*11:01:01:10
HLA-A*11:01:01:11
HLA-A*11:01:01:12
HLA-A*11:01:01:13
HLA-A*11:01:01:14
HLA-A*11:01:01:15
HLA-A*11:01:01:16
HLA-A*11:01:01:17
HLA-A*11:01:01:18
HLA-A*11:01:01:19
HLA-A*11:01:01:20
HLA-A*11:01:01:21
HLA-A*11:01:01:22
HLA-A*11:01:01:23
HLA-A*11:01:01:24
HLA-A*11:01:01:25
HLA-A*11:01:01:26
HLA-A*11:01:01:27
HLA-A*11:01:01:28
HLA-A*11:01:01:29
HLA-A*11:01:01:30
HLA-A*11:01:01:31
HLA-A*11:01:01:32
HLA-A*11:01:01:33
HLA-A*11:01:01:34
HLA-A*11:01:01:35
HLA-A*11:01:01:36
HLA-A*11:01:01:37
HLA-A*11:01:01:38
HLA-A*11:01:01:39
HLA-A*11:01:01:40
HLA-A*11:01:01:41
HLA-A*11:01:01:42
HLA-A*11:01:01:43
HLA-A*11:01:01:44
HLA-A*11:01:01:45
HLA-A*11:01:01:46
HLA-A*11:01:01:47
HLA-A*11:01:01:48
HLA-A*11:01:01:49
HLA-A*11:01:01:50
HLA-A*11:01:01:51
HLA-A*11:01:01:52
HLA-A*11:01:01:53
HLA-A*11:01:01:54
HLA-A*11:01:01:55
HLA-A*11:01:01:56
HLA-A*11:01:01:57
HLA-A*11:01:01:58
HLA-A*11:01:01:59
HLA-A*11:01:01:60
HLA-A*11:01:01:61
HLA-A*11:01:01:62
HLA-A*11:01:01:63
HLA-A*11:01:01:64
HLA-A*11:01:01:65
HLA-A*11:01:01:66
HLA-A*11:01:01:67
HLA-A*11:01:01:68
HLA-A*11:01:02
HLA-A*11:01:04
HLA-A*11:01:05
HLA-A*11:01:06
HLA-A*11:01:100
HLA-A*11:01:101
HLA-A*11:01:102
HLA-A*11:01:103
HLA-A*11:01:104
HLA-A*11:01:105
HLA-A*11:01:106
HLA-A*11:01:107
HLA-A*11:01:108
HLA-A*11:01:109
HLA-A*11:01:110
HLA-A*11:01:18
HLA-A*11:01:27
HLA-A*11:01:36
HLA-A*11:01:68
HLA-A*11:01:72
HLA-A*11:01:73
HLA-A*11:01:74
HLA-A*11:01:75
HLA-A*11:01:79
HLA-A*11:01:80
HLA-A*11:01:81
HLA-A*11:01:82
HLA-A*11:01:83
HLA-A*11:01:84
HLA-A*11:01:85
HLA-A*11:01:86
HLA-A*11:01:87
HLA-A*11:01:88
HLA-A*11:01:90
HLA-A*11:01:91
HLA-A*11:01:92
HLA-A*11:01:93
HLA-A*11:01:94
HLA-A*11:01:95
HLA-A*11:01:97
HLA-A*11:01:98
HLA-A*11:02:01:01
HLA-A*11:02:01:02
HLA-A*11:03
HLA-A*11:04
HLA-A*11:05
HLA-A*11:08
HLA-A*11:10
HLA-A*11:12:01
HLA-A*11:12:02
HLA-A*11:18
HLA-A*11:29
HLA-A*23:01:01:01
HLA-A*23:01:01:02
HLA-A*23:01:01:03
HLA-A*23:01:01:04
HLA-A*23:01:01:05
HLA-A*23:01:01:06
HLA-A*23:01:01:07
HLA-A*23:01:01:08
HLA-A*23:01:01:09
HLA-A*23:01:01:10
HLA-A*23:01:01:11
HLA-A*23:01:01:12
HLA-A*23:01:01:13
HLA-A*23:01:01:14
HLA-A*23:01:01:15
HLA-A*23:01:01:16
HLA-A*23:01:01:17
HLA-A*23:01:01:18
HLA-A*23:01:01:19
HLA-A*23:01:01:20
HLA-A*23:01:01:21
HLA-A*23:01:01:22
HLA-A*23:01:01:23
HLA-A*23:01:01:24
HLA-A*23:01:01:25
HLA-A*23:01:10
HLA-A*23:01:19
HLA-A*23:01:20
HLA-A*23:01:21
HLA-A*23:01:22
HLA-A*23:01:23
HLA-A*23:01:24
HLA-A*23:01:25
HLA-A*23:01:26
HLA-A*23:01:27
HLA-A*23:01:28
HLA-A*23:01:29
HLA-A*23:01:30
HLA-A*23:01:31
HLA-A*23:01:32
HLA-A*23:01:33
HLA-A*23:02
HLA-A*23:03:02:01
HLA-A*23:03:02:02
HLA-A*23:04
HLA-A*23:05
HLA-A*23:09
HLA-A*24:02:01:01
HLA-A*24:02:01:02L
HLA-A*24:02:01:03
HLA-A*24:02:01:04
HLA-A*24:02:01:05
HLA-A*24:02:01:06
HLA-A*24:02:01:07
HLA-A*24:02:01:08
HLA-A*24:02:01:09
HLA-A*24:02:01:10
HLA-A*24:02:01:100
HLA-A*24:02:01:101
HLA-A*24:02:01:102
HLA-A*24:02:01:103
HLA-A*24:02:01:104
HLA-A*24:02:01:105
HLA-A*24:02:01:106
HLA-A*24:02:01:107
HLA-A*24:02:01:108
HLA-A*24:02:01:109
HLA-A*24:02:01:11
HLA-A*24:02:01:110
HLA-A*24:02:01:12
HLA-A*24:02:01:13
HLA-A*24:02:01:14
HLA-A*24:02:01:15
HLA-A*24:02:01:16
HLA-A*24:02:01:17Q
HLA-A*24:02:01:18
HLA-A*24:02:01:19
HLA-A*24:02:01:20
HLA-A*24:02:01:21
HLA-A*24:02:01:22
HLA-A*24:02:01:23
HLA-A*24:02:01:24
HLA-A*24:02:01:25
HLA-A*24:02:01:26
HLA-A*24:02:01:27
HLA-A*24:02:01:28
HLA-A*24:02:01:29
HLA-A*24:02:01:30
HLA-A*24:02:01:31
HLA-A*24:02:01:32
HLA-A*24:02:01:33
HLA-A*24:02:01:34
HLA-A*24:02:01:35
HLA-A*24:02:01:36
HLA-A*24:02:01:37
HLA-A*24:02:01:38
HLA-A*24:02:01:39
HLA-A*24:02:01:40
HLA-A*24:02:01:41
HLA-A*24:02:01:42
HLA-A*24:02:01:43
HLA-A*24:02:01:44
HLA-A*24:02:01:45
HLA-A*24:02:01:46
HLA-A*24:02:01:47
HLA-A*24:02:01:48
HLA-A*24:02:01:49
HLA-A*24:02:01:50
HLA-A*24:02:01:51
HLA-A*24:02:01:52
HLA-A*24:02:01:53
HLA-A*24:02:01:54
HLA-A*24:02:01:55
HLA-A*24:02:01:56
HLA-A*24:02:01:57
HLA-A*24:02:01:58
HLA-A*24:02:01:59
HLA-A*24:02:01:60
HLA-A*24:02:01:61
HLA-A*24:02:01:62
HLA-A*24:02:01:63
HLA-A*24:02:01:64
HLA-A*24:02:01:65
HLA-A*24:02:01:66
HLA-A*24:02:01:67
HLA-A*24:02:01:68
HLA-A*24:02:01:69
HLA-A*24:02:01:70
HLA-A*24:02:01:71
HLA-A*24:02:01:72
HLA-A*24:02:01:73
HLA-A*24:02:01:74
HLA-A*24:02:01:75
HLA-A*24:02:01:76
HLA-A*24:02:01:77
HLA-A*24:02:01:78
HLA-A*24:02:01:79
HLA-A*24:02:01:80
HLA-A*24:02:01:81
HLA-A*24:02:01:82
HLA-A*24:02:01:83
HLA-A*24:02:01:84
HLA-A*24:02:01:85
HLA-A*24:02:01:86
HLA-A*24:02:01:87
HLA-A*24:02:01:88
HLA-A*24:02:01:89
HLA-A*24:02:01:90
HLA-A*24:02:01:91
HLA-A*24:02:01:92
HLA-A*24:02:01:93
HLA-A*24:02:01:94
HLA-A*24:02:01:95
HLA-A*24:02:01:96
HLA-A*24:02:01:97
HLA-A*24:02:01:98
HLA-A*24:02:01:99
HLA-A*24:02:02
HLA-A*24:02:03Q
HLA-A*24:02:04
HLA-A*24:02:05
HLA-A*24:02:10
HLA-A*24:02:100
HLA-A*24:02:101
HLA-A*24:02:102:01
HLA-A*24:02:102:02
HLA-A*24:02:103
HLA-A*24:02:104
HLA-A*24:02:105
HLA-A*24:02:106
HLA-A*24:02:107
HLA-A*24:02:108
HLA-A*24:02:109
HLA-A*24:02:110
HLA-A*24:02:111
HLA-A*24:02:112
HLA-A*24:02:113
HLA-A*24:02:114
HLA-A*24:02:115:01
HLA-A*24:02:115:02
HLA-A*24:02:116
HLA-A*24:02:117
HLA-A*24:02:118
HLA-A*24:02:119
HLA-A*24:02:120
HLA-A*24:02:121
HLA-A*24:02:122
HLA-A*24:02:123
HLA-A*24:02:124
HLA-A*24:02:125
HLA-A*24:02:126
HLA-A*24:02:127
HLA-A*24:02:128
HLA-A*24:02:13
HLA-A*24:02:130
HLA-A*24:02:131
HLA-A*24:02:132
HLA-A*24:02:133
HLA-A*24:02:134
HLA-A*24:02:136
HLA-A*24:02:137
HLA-A*24:02:139
HLA-A*24:02:140
HLA-A*24:02:142
HLA-A*24:02:143
HLA-A*24:02:144
HLA-A*24:02:145
HLA-A*24:02:146
HLA-A*24:02:147
HLA-A*24:02:22
HLA-A*24:02:25
HLA-A*24:02:26
HLA-A*24:02:35
HLA-A*24:02:40:01
HLA-A*24:02:40:02
HLA-A*24:02:43
HLA-A*24:02:61
HLA-A*24:02:65
HLA-A*24:02:78
HLA-A*24:02:79
HLA-A*24:02:85
HLA-A*24:02:98
HLA-A*24:02:99
HLA-A*24:03:01:01
HLA-A*24:03:01:02
HLA-A*24:03:01:03
HLA-A*24:03:02
HLA-A*24:03:03
HLA-A*24:03:04
HLA-A*24:05:01
HLA-A*24:05:02
HLA-A*24:07:01:01
HLA-A*24:07:01:02
HLA-A*24:07:01:03
HLA-A*24:07:03
HLA-A*24:07:04
HLA-A*24:08
HLA-A*24:10:01:01
HLA-A*24:10:01:02
HLA-A*24:13:02
HLA-A*24:14:01:01
HLA-A*24:14:01:02
HLA-A*24:14:01:03
HLA-A*24:14:01:04
HLA-A*24:17:01:01
HLA-A*24:17:01:02
HLA-A*24:18
HLA-A*24:20:01:01
HLA-A*24:20:01:02
HLA-A*24:22
HLA-A*24:23
HLA-A*24:25
HLA-A*24:28
HLA-A*24:29
HLA-A*24:31
HLA-A*24:35
HLA-A*24:56:01
HLA-A*24:56:02
HLA-A*24:93
HLA-A*25:01:01:01
HLA-A*25:01:01:02
HLA-A*25:01:01:03
HLA-A*25:01:01:04
HLA-A*25:01:01:05
HLA-A*25:01:01:06
HLA-A*25:01:01:07
HLA-A*25:01:10
HLA-A*25:01:11
HLA-A*25:01:13
HLA-A*25:01:15
HLA-A*25:01:16
HLA-A*25:01:17
HLA-A*25:01:18
HLA-A*25:01:19
HLA-A*25:01:20
HLA-A*25:02
HLA-A*25:04
HLA-A*26:01:01:01
HLA-A*26:01:01:02
HLA-A*26:01:01:03N
HLA-A*26:01:01:04
HLA-A*26:01:01:05
HLA-A*26:01:01:06
HLA-A*26:01:01:07
HLA-A*26:01:01:08
HLA-A*26:01:01:09
HLA-A*26:01:01:10
HLA-A*26:01:01:11
HLA-A*26:01:01:12
HLA-A*26:01:01:13
HLA-A*26:01:01:14
HLA-A*26:01:01:15
HLA-A*26:01:01:16
HLA-A*26:01:01:17
HLA-A*26:01:01:18
HLA-A*26:01:01:19
HLA-A*26:01:01:20
HLA-A*26:01:01:21
HLA-A*26:01:01:22
HLA-A*26:01:01:23
HLA-A*26:01:01:24
HLA-A*26:01:01:25
HLA-A*26:01:01:26
HLA-A*26:01:01:27
HLA-A*26:01:01:28
HLA-A*26:01:01:29
HLA-A*26:01:01:30
HLA-A*26:01:01:31
HLA-A*26:01:01:32
HLA-A*26:01:01:33
HLA-A*26:01:01:34
HLA-A*26:01:01:35
HLA-A*26:01:01:36
HLA-A*26:01:01:37
HLA-A*26:01:01:38
HLA-A*26:01:01:39
HLA-A*26:01:01:40
HLA-A*26:01:01:41
HLA-A*26:01:01:42
HLA-A*26:01:01:43
HLA-A*26:01:02
HLA-A*26:01:04
HLA-A*26:01:20
HLA-A*26:01:23
HLA-A*26:01:39
HLA-A*26:01:40
HLA-A*26:01:41
HLA-A*26:01:42
HLA-A*26:01:43
HLA-A*26:01:45
HLA-A*26:01:46
HLA-A*26:01:47
HLA-A*26:01:48
HLA-A*26:01:49
HLA-A*26:01:50
HLA-A*26:01:51
HLA-A*26:01:52
HLA-A*26:01:53
HLA-A*26:01:54
HLA-A*26:01:55
HLA-A*26:01:56
HLA-A*26:01:57
HLA-A*26:01:58
HLA-A*26:01:59
HLA-A*26:01:60
HLA-A*26:01:61
HLA-A*26:01:62
HLA-A*26:01:63
HLA-A*26:01:64
HLA-A*26:01:65
HLA-A*26:01:66
HLA-A*26:01:67
HLA-A*26:01:68
HLA-A*26:01:69
HLA-A*26:02:01
HLA-A*26:03:01:01
HLA-A*26:03:01:02
HLA-A*26:04
HLA-A*26:05
HLA-A*26:07:01
HLA-A*26:07:02
HLA-A*26:08:01:01
HLA-A*26:08:01:02
HLA-A*26:08:02
HLA-A*26:08:03
HLA-A*26:09
HLA-A*26:10
HLA-A*26:11N
HLA-A*26:12
HLA-A*26:14
HLA-A*26:15
HLA-A*26:16
HLA-A*26:17
HLA-A*26:18
HLA-A*26:20:02
HLA-A*29:01:01:01
HLA-A*29:01:01:02N
HLA-A*29:01:01:03
HLA-A*29:01:01:04
HLA-A*29:01:01:05
HLA-A*29:01:01:06
HLA-A*29:01:01:07
HLA-A*29:01:01:08
HLA-A*29:01:01:09
HLA-A*29:01:10
HLA-A*29:01:11
HLA-A*29:01:12
HLA-A*29:01:13
HLA-A*29:01:14
HLA-A*29:02:01:01
HLA-A*29:02:01:02
HLA-A*29:02:01:03
HLA-A*29:02:01:04
HLA-A*29:02:01:05
HLA-A*29:02:01:06
HLA-A*29:02:01:07
HLA-A*29:02:01:08
HLA-A*29:02:01:09
HLA-A*29:02:01:10
HLA-A*29:02:01:11
HLA-A*29:02:01:12
HLA-A*29:02:01:13
HLA-A*29:02:01:14
HLA-A*29:02:01:15
HLA-A*29:02:01:16
HLA-A*29:02:01:17
HLA-A*29:02:01:18
HLA-A*29:02:01:19
HLA-A*29:02:01:20
HLA-A*29:02:01:21
HLA-A*29:02:01:22
HLA-A*29:02:01:23
HLA-A*29:02:01:24
HLA-A*29:02:01:25
HLA-A*29:02:01:26
HLA-A*29:02:01:27
HLA-A*29:02:01:28
HLA-A*29:02:02
HLA-A*29:02:03
HLA-A*29:02:14
HLA-A*29:02:16
HLA-A*29:02:17:01
HLA-A*29:02:17:02
HLA-A*29:02:18
HLA-A*29:02:19
HLA-A*29:02:20
HLA-A*29:02:22
HLA-A*29:02:23
HLA-A*29:02:24
HLA-A*29:02:25
HLA-A*29:02:26
HLA-A*29:02:27
HLA-A*29:02:28
HLA-A*29:02:29
HLA-A*29:02:30
HLA-A*29:02:31
HLA-A*29:02:32
HLA-A*29:02:33
HLA-A*29:03
HLA-A*29:04
HLA-A*29:10:01
HLA-A*29:12
HLA-A*30:01:01:01
HLA-A*30:01:01:02
HLA-A*30:01:01:03
HLA-A*30:01:01:04
HLA-A*30:01:01:05
HLA-A*30:01:01:06
HLA-A*30:01:01:07
HLA-A*30:01:01:08
HLA-A*30:01:01:09
HLA-A*30:01:01:10
HLA-A*30:01:01:11
HLA-A*30:01:01:12
HLA-A*30:01:01:13
HLA-A*30:01:01:14
HLA-A*30:01:01:15
HLA-A*30:01:11
HLA-A*30:01:12
HLA-A*30:01:14
HLA-A*30:01:15
HLA-A*30:01:16
HLA-A*30:01:17
HLA-A*30:01:18
HLA-A*30:02:01:01
HLA-A*30:02:01:02
HLA-A*30:02:01:03
HLA-A*30:02:01:04
HLA-A*30:02:01:05
HLA-A*30:02:01:06
HLA-A*30:02:01:07
HLA-A*30:02:01:08
HLA-A*30:02:01:09
HLA-A*30:02:01:10
HLA-A*30:02:01:11
HLA-A*30:02:01:12
HLA-A*30:02:01:13
HLA-A*30:02:01:14
HLA-A*30:02:01:15
HLA-A*30:02:04
HLA-A*30:02:20
HLA-A*30:02:21
HLA-A*30:02:22
HLA-A*30:02:23
HLA-A*30:02:24
HLA-A*30:02:25
HLA-A*30:02:26
HLA-A*30:02:27
HLA-A*30:03
HLA-A*30:04:01:01
HLA-A*30:04:01:02
HLA-A*30:04:02
HLA-A*30:04:03
HLA-A*30:07
HLA-A*30:08:02
HLA-A*30:09:01:01
HLA-A*30:09:01:02
HLA-A*30:10
HLA-A*30:11:01
HLA-A*30:12:02
HLA-A*30:16
HLA-A*31:01:02:01
HLA-A*31:01:02:02
HLA-A*31:01:02:03N
HLA-A*31:01:02:04
HLA-A*31:01:02:05
HLA-A*31:01:02:06
HLA-A*31:01:02:07
HLA-A*31:01:02:08
HLA-A*31:01:02:09
HLA-A*31:01:02:10
HLA-A*31:01:02:11
HLA-A*31:01:02:12
HLA-A*31:01:02:13
HLA-A*31:01:02:14
HLA-A*31:01:02:15
HLA-A*31:01:02:16
HLA-A*31:01:02:17
HLA-A*31:01:02:18
HLA-A*31:01:02:19
HLA-A*31:01:02:20
HLA-A*31:01:02:21
HLA-A*31:01:02:22
HLA-A*31:01:02:23
HLA-A*31:01:02:24
HLA-A*31:01:02:25
HLA-A*31:01:02:26
HLA-A*31:01:02:27
HLA-A*31:01:02:28
HLA-A*31:01:02:29
HLA-A*31:01:02:30Q
HLA-A*31:01:02:31
HLA-A*31:01:02:32
HLA-A*31:01:02:33
HLA-A*31:01:02:34
HLA-A*31:01:02:35
HLA-A*31:01:02:36
HLA-A*31:01:02:37
HLA-A*31:01:02:38
HLA-A*31:01:02:39
HLA-A*31:01:02:40
HLA-A*31:01:04
HLA-A*31:01:23
HLA-A*31:01:24
HLA-A*31:01:26
HLA-A*31:01:27
HLA-A*31:01:28
HLA-A*31:01:29
HLA-A*31:01:30
HLA-A*31:01:31
HLA-A*31:01:32
HLA-A*31:01:33
HLA-A*31:01:35
HLA-A*31:01:36
HLA-A*31:01:37
HLA-A*31:01:38
HLA-A*31:01:39
HLA-A*31:01:40
HLA-A*31:01:41
HLA-A*31:01:42
HLA-A*31:01:43
HLA-A*31:01:44
HLA-A*31:01:45
HLA-A*31:02:01
HLA-A*31:02:02
HLA-A*31:04:01:01
HLA-A*31:04:01:02
HLA-A*31:04:02
HLA-A*31:06
HLA-A*31:08
HLA-A*31:09
HLA-A*31:12
HLA-A*32:01:01:01
HLA-A*32:01:01:02
HLA-A*32:01:01:03
HLA-A*32:01:01:04
HLA-A*32:01:01:05
HLA-A*32:01:01:06
HLA-A*32:01:01:07
HLA-A*32:01:01:08
HLA-A*32:01:01:09
HLA-A*32:01:01:10
HLA-A*32:01:01:11
HLA-A*32:01:01:12
HLA-A*32:01:01:13
HLA-A*32:01:01:14
HLA-A*32:01:01:15
HLA-A*32:01:01:16
HLA-A*32:01:01:17
HLA-A*32:01:01:18
HLA-A*32:01:01:19
HLA-A*32:01:01:20
HLA-A*32:01:01:21
HLA-A*32:01:01:22
HLA-A*32:01:01:23
HLA-A*32:01:01:24
HLA-A*32:01:01:25
HLA-A*32:01:01:26
HLA-A*32:01:01:27
HLA-A*32:01:01:28
HLA-A*32:01:01:29
HLA-A*32:01:01:30
HLA-A*32:01:02
HLA-A*32:01:09
HLA-A*32:01:24
HLA-A*32:01:25
HLA-A*32:01:26
HLA-A*32:01:28
HLA-A*32:01:29
HLA-A*32:01:30
HLA-A*32:01:31
HLA-A*32:01:32
HLA-A*32:01:33
HLA-A*32:01:34
HLA-A*32:01:35
HLA-A*32:01:36
HLA-A*32:01:37
HLA-A*32:01:38
HLA-A*32:01:39
HLA-A*32:01:40
HLA-A*32:01:41
HLA-A*32:01:42
HLA-A*32:01:43
HLA-A*32:01:44
HLA-A*32:01:45
HLA-A*32:02
HLA-A*32:03:01:01
HLA-A*32:03:01:02
HLA-A*32:04
HLA-A*32:06
HLA-A*32:08
HLA-A*33:01:01:01
HLA-A*33:01:01:02
HLA-A*33:01:01:03
HLA-A*33:01:01:04
HLA-A*33:01:01:05
HLA-A*33:01:01:06
HLA-A*33:01:01:07
HLA-A*33:01:01:08
HLA-A*33:01:01:09
HLA-A*33:01:01:10
HLA-A*33:01:01:11
HLA-A*33:01:10
HLA-A*33:01:11
HLA-A*33:01:12
HLA-A*33:01:13
HLA-A*33:01:14
HLA-A*33:01:15
HLA-A*33:03:01:01
HLA-A*33:03:01:02
HLA-A*33:03:01:03
HLA-A*33:03:01:04
HLA-A*33:03:01:05
HLA-A*33:03:01:06
HLA-A*33:03:01:07
HLA-A*33:03:01:08
HLA-A*33:03:01:09
HLA-A*33:03:01:10
HLA-A*33:03:01:11
HLA-A*33:03:01:12
HLA-A*33:03:01:13
HLA-A*33:03:01:14
HLA-A*33:03:01:15
HLA-A*33:03:01:16
HLA-A*33:03:01:17
HLA-A*33:03:01:18
HLA-A*33:03:01:19
HLA-A*33:03:01:20
HLA-A*33:03:01:21
HLA-A*33:03:01:22
HLA-A*33:03:08
HLA-A*33:03:33
HLA-A*33:03:34
HLA-A*33:03:35
HLA-A*33:03:36
HLA-A*33:03:37
HLA-A*33:03:38
HLA-A*33:03:39
HLA-A*33:03:40
HLA-A*33:03:41
HLA-A*33:03:43
HLA-A*33:03:44
HLA-A*33:03:45
HLA-A*33:03:46
HLA-A*33:04
HLA-A*33:05
HLA-A*34:01:01:01
HLA-A*34:01:01:02
HLA-A*34:01:01:03
HLA-A*34:01:03
HLA-A*34:01:04
HLA-A*34:01:05
HLA-A*34:02:01:01
HLA-A*34:02:01:02
HLA-A*34:02:01:03
HLA-A*34:02:01:04
HLA-A*34:02:01:05
HLA-A*34:02:01:06
HLA-A*34:02:03
HLA-A*34:02:05
HLA-A*34:02:06
HLA-A*34:05
HLA-A*36:01:01:01
HLA-A*36:01:01:02
HLA-A*36:01:02
HLA-A*36:03
HLA-A*43:01
HLA-A*66:01:01:01
HLA-A*66:01:01:02
HLA-A*66:01:01:03
HLA-A*66:01:01:04
HLA-A*66:01:01:05
HLA-A*66:01:01:06
HLA-A*66:01:02
HLA-A*66:01:04
HLA-A*66:01:05
HLA-A*66:02
HLA-A*66:03:01:01
HLA-A*66:03:01:02
HLA-A*66:03:01:03
HLA-A*68:01:01:01
HLA-A*68:01:01:02
HLA-A*68:01:01:03
HLA-A*68:01:01:04
HLA-A*68:01:01:05
HLA-A*68:01:01:06
HLA-A*68:01:01:07
HLA-A*68:01:01:08
HLA-A*68:01:01:09
HLA-A*68:01:01:10
HLA-A*68:01:01:11
HLA-A*68:01:01:12
HLA-A*68:01:01:13
HLA-A*68:01:01:14
HLA-A*68:01:02:01
HLA-A*68:01:02:02
HLA-A*68:01:02:03
HLA-A*68:01:02:04
HLA-A*68:01:02:05
HLA-A*68:01:02:06
HLA-A*68:01:02:07
HLA-A*68:01:02:08
HLA-A*68:01:02:09
HLA-A*68:01:02:10
HLA-A*68:01:02:11
HLA-A*68:01:02:12
HLA-A*68:01:02:13
HLA-A*68:01:02:14
HLA-A*68:01:02:15
HLA-A*68:01:02:16
HLA-A*68:01:02:17
HLA-A*68:01:02:18
HLA-A*68:01:02:19
HLA-A*68:01:02:20
HLA-A*68:01:02:21
HLA-A*68:01:02:22
HLA-A*68:01:02:23
HLA-A*68:01:02:24
HLA-A*68:01:02:25
HLA-A*68:01:02:26
HLA-A*68:01:02:27
HLA-A*68:01:02:28
HLA-A*68:01:02:29
HLA-A*68:01:03
HLA-A*68:01:08
HLA-A*68:01:18
HLA-A*68:01:24
HLA-A*68:01:26
HLA-A*68:01:33
HLA-A*68:01:34
HLA-A*68:01:36
HLA-A*68:01:37
HLA-A*68:01:38
HLA-A*68:01:39
HLA-A*68:01:40
HLA-A*68:01:41
HLA-A*68:01:42
HLA-A*68:01:43
HLA-A*68:01:44
HLA-A*68:01:45
HLA-A*68:01:46
HLA-A*68:01:47
HLA-A*68:01:48
HLA-A*68:01:49
HLA-A*68:01:50
HLA-A*68:01:52
HLA-A*68:01:53
HLA-A*68:01:54
HLA-A*68:01:55
HLA-A*68:01:56
HLA-A*68:01:57
HLA-A*68:01:58
HLA-A*68:02:01:01
HLA-A*68:02:01:02
HLA-A*68:02:01:03
HLA-A*68:02:01:04
HLA-A*68:02:01:05
HLA-A*68:02:01:06
HLA-A*68:02:01:07
HLA-A*68:02:01:08
HLA-A*68:02:01:09
HLA-A*68:02:01:10
HLA-A*68:02:01:11
HLA-A*68:02:01:12
HLA-A*68:02:01:13
HLA-A*68:02:01:14
HLA-A*68:02:01:15
HLA-A*68:02:01:16
HLA-A*68:02:02
HLA-A*68:02:04
HLA-A*68:02:13
HLA-A*68:02:14
HLA-A*68:02:15
HLA-A*68:02:16
HLA-A*68:02:17
HLA-A*68:02:18
HLA-A*68:02:19
HLA-A*68:03:01:01
HLA-A*68:03:01:02
HLA-A*68:03:01:03
HLA-A*68:03:01:04
HLA-A*68:03:01:05
HLA-A*68:03:01:06
HLA-A*68:03:02
HLA-A*68:05
HLA-A*68:06
HLA-A*68:07
HLA-A*68:08:01:01
HLA-A*68:08:01:02
HLA-A*68:08:02
HLA-A*68:12:01
HLA-A*68:12:02
HLA-A*68:15
HLA-A*68:16
HLA-A*68:17:01
HLA-A*68:17:02
HLA-A*68:18N
HLA-A*68:23
HLA-A*68:24
HLA-A*69:01:01:01
HLA-A*69:01:01:02
HLA-A*69:01:01:03
HLA-A*69:01:03
HLA-A*74:01:01:01
HLA-A*74:01:01:02
HLA-A*74:01:01:03
HLA-A*74:01:01:04
HLA-A*74:01:01:05
HLA-A*74:01:01:06
HLA-A*74:01:01:07
HLA-A*74:01:02
HLA-A*74:01:03
HLA-A*74:01:04
HLA-A*74:01:06
HLA-A*74:01:07
HLA-A*74:01:08
HLA-A*74:02:01:01
HLA-A*74:02:01:02
HLA-A*74:02:01:03
HLA-A*74:03:01:01
HLA-A*74:03:01:02
HLA-A*74:03:01:03
HLA-A*74:03:02
HLA-A*74:06
HLA-A*74:09
HLA-A*74:11
HLA-A*80:01:01:01
HLA-A*80:01:01:02
HLA-A*80:01:02
HLA-B*07:02:01:01
HLA-B*07:02:01:02
HLA-B*07:02:01:03
HLA-B*07:02:01:04
HLA-B*07:02:01:05
HLA-B*07:02:01:06
HLA-B*07:02:01:07
HLA-B*07:02:01:08
HLA-B*07:02:01:09
HLA-B*07:02:01:10
HLA-B*07:02:01:11
HLA-B*07:02:01:12
HLA-B*07:02:01:13
HLA-B*07:02:01:14
HLA-B*07:02:01:15
HLA-B*07:02:01:16
HLA-B*07:02:01:17
HLA-B*07:02:01:18
HLA-B*07:02:01:19
HLA-B*07:02:01:20
HLA-B*07:02:01:21
HLA-B*07:02:01:22
HLA-B*07:02:01:23
HLA-B*07:02:01:24
HLA-B*07:02:01:25
HLA-B*07:02:01:26
HLA-B*07:02:01:27
HLA-B*07:02:01:28
HLA-B*07:02:01:29
HLA-B*07:02:01:30
HLA-B*07:02:01:31
HLA-B*07:02:01:32
HLA-B*07:02:01:33
HLA-B*07:02:01:34
HLA-B*07:02:01:35
HLA-B*07:02:01:36
HLA-B*07:02:01:37
HLA-B*07:02:01:38
HLA-B*07:02:01:39
HLA-B*07:02:01:40
HLA-B*07:02:01:41
HLA-B*07:02:01:42
HLA-B*07:02:01:43
HLA-B*07:02:01:44
HLA-B*07:02:01:45
HLA-B*07:02:01:46
HLA-B*07:02:01:47
HLA-B*07:02:01:48
HLA-B*07:02:01:49
HLA-B*07:02:01:50
HLA-B*07:02:01:51
HLA-B*07:02:01:52
HLA-B*07:02:01:53
HLA-B*07:02:01:54
HLA-B*07:02:01:55
HLA-B*07:02:01:56
HLA-B*07:02:01:57
HLA-B*07:02:01:58
HLA-B*07:02:01:59
HLA-B*07:02:01:60
HLA-B*07:02:01:61
HLA-B*07:02:01:62
HLA-B*07:02:01:63
HLA-B*07:02:01:64
HLA-B*07:02:01:65
HLA-B*07:02:01:66
HLA-B*07:02:01:67
HLA-B*07:02:01:68
HLA-B*07:02:01:69
HLA-B*07:02:01:70
HLA-B*07:02:01:71
HLA-B*07:02:01:72
HLA-B*07:02:01:73
HLA-B*07:02:01:74
HLA-B*07:02:01:75
HLA-B*07:02:01:76
HLA-B*07:02:01:77
HLA-B*07:02:01:78
HLA-B*07:02:01:79
HLA-B*07:02:01:80
HLA-B*07:02:01:81
HLA-B*07:02:01:82
HLA-B*07:02:01:83
HLA-B*07:02:01:84
HLA-B*07:02:03
HLA-B*07:02:04
HLA-B*07:02:10
HLA-B*07:02:13
HLA-B*07:02:43
HLA-B*07:02:45
HLA-B*07:02:48
HLA-B*07:02:50
HLA-B*07:02:51
HLA-B*07:02:52
HLA-B*07:02:53
HLA-B*07:02:54
HLA-B*07:02:56
HLA-B*07:02:57
HLA-B*07:02:58
HLA-B*07:02:59
HLA-B*07:02:60
HLA-B*07:02:61
HLA-B*07:02:62
HLA-B*07:02:63
HLA-B*07:02:64
HLA-B*07:02:65
HLA-B*07:02:66
HLA-B*07:02:67
HLA-B*07:02:68
HLA-B*07:02:69
HLA-B*07:02:70
HLA-B*07:02:71
HLA-B*07:02:72
HLA-B*07:02:74
HLA-B*07:02:75
HLA-B*07:02:76
HLA-B*07:02:77
HLA-B*07:02:78
HLA-B*07:02:79
HLA-B*07:02:80
HLA-B*07:02:81
HLA-B*07:02:82
HLA-B*07:02:83
HLA-B*07:02:84
HLA-B*07:02:85
HLA-B*07:02:86
HLA-B*07:03
HLA-B*07:04:01
HLA-B*07:04:02
HLA-B*07:05:01:01
HLA-B*07:05:01:02
HLA-B*07:05:01:03
HLA-B*07:05:01:04
HLA-B*07:05:02
HLA-B*07:05:09
HLA-B*07:05:10
HLA-B*07:05:11
HLA-B*07:07:01:01
HLA-B*07:07:01:02
HLA-B*07:07:02
HLA-B*07:07:03
HLA-B*07:08:01
HLA-B*07:08:02
HLA-B*07:09:01
HLA-B*07:09:02
HLA-B*07:10
HLA-B*07:12
HLA-B*07:13
HLA-B*07:14:01
HLA-B*07:14:02
HLA-B*07:15
HLA-B*07:20
HLA-B*07:22:01
HLA-B*07:22:02
HLA-B*07:26
HLA-B*07:33:01
HLA-B*07:36
HLA-B*07:47
HLA-B*07:53
HLA-B*08:01:01:01
HLA-B*08:01:01:02
HLA-B*08:01:01:03
HLA-B*08:01:01:04
HLA-B*08:01:01:05
HLA-B*08:01:01:06
HLA-B*08:01:01:07
HLA-B*08:01:01:08
HLA-B*08:01:01:09
HLA-B*08:01:01:10
HLA-B*08:01:01:11
HLA-B*08:01:01:12
HLA-B*08:01:01:13
HLA-B*08:01:01:14
HLA-B*08:01:01:15
HLA-B*08:01:01:16
HLA-B*08:01:01:17
HLA-B*08:01:01:18
HLA-B*08:01:01:19
HLA-B*08:01:01:20
HLA-B*08:01:01:21
HLA-B*08:01:01:22
HLA-B*08:01:01:23
HLA-B*08:01:01:24
HLA-B*08:01:01:25
HLA-B*08:01:01:26
HLA-B*08:01:01:27
HLA-B*08:01:01:28
HLA-B*08:01:01:29
HLA-B*08:01:01:30
HLA-B*08:01:01:31
HLA-B*08:01:01:32
HLA-B*08:01:01:33
HLA-B*08:01:01:34
HLA-B*08:01:01:35
HLA-B*08:01:01:36
HLA-B*08:01:01:37
HLA-B*08:01:01:38
HLA-B*08:01:01:39
HLA-B*08:01:01:40
HLA-B*08:01:01:41
HLA-B*08:01:01:42
HLA-B*08:01:01:43
HLA-B*08:01:01:44
HLA-B*08:01:01:45
HLA-B*08:01:01:46
HLA-B*08:01:01:47
HLA-B*08:01:01:48
HLA-B*08:01:01:49
HLA-B*08:01:01:50
HLA-B*08:01:01:51
HLA-B*08:01:02
HLA-B*08:01:04
HLA-B*08:01:07
HLA-B*08:01:08
HLA-B*08:01:12
HLA-B*08:01:20
HLA-B*08:01:32
HLA-B*08:01:35
HLA-B*08:01:36
HLA-B*08:01:38
HLA-B*08:01:39
HLA-B*08:01:40
HLA-B*08:01:41
HLA-B*08:01:42
HLA-B*08:01:43
HLA-B*08:01:44
HLA-B*08:01:45
HLA-B*08:01:46
HLA-B*08:01:47
HLA-B*08:01:48
HLA-B*08:01:49
HLA-B*08:01:50
HLA-B*08:01:51
HLA-B*08:01:52
HLA-B*08:01:53
HLA-B*08:01:54
HLA-B*08:01:55
HLA-B*08:01:56
HLA-B*08:02
HLA-B*08:09
HLA-B*08:12:01
HLA-B*08:18
HLA-B*08:23
HLA-B*13:01:01:01
HLA-B*13:01:01:02
HLA-B*13:01:01:03
HLA-B*13:01:01:04
HLA-B*13:01:01:05
HLA-B*13:01:01:06
HLA-B*13:01:01:07
HLA-B*13:01:01:08
HLA-B*13:01:10
HLA-B*13:01:13
HLA-B*13:01:14
HLA-B*13:01:15
HLA-B*13:01:17
HLA-B*13:01:18
HLA-B*13:02:01:01
HLA-B*13:02:01:02
HLA-B*13:02:01:03
HLA-B*13:02:01:04
HLA-B*13:02:01:05
HLA-B*13:02:01:06
HLA-B*13:02:01:07
HLA-B*13:02:01:08
HLA-B*13:02:01:09
HLA-B*13:02:01:10
HLA-B*13:02:01:11
HLA-B*13:02:01:12
HLA-B*13:02:01:13
HLA-B*13:02:01:14
HLA-B*13:02:01:15
HLA-B*13:02:01:16
HLA-B*13:02:01:17
HLA-B*13:02:02
HLA-B*13:02:03
HLA-B*13:02:09
HLA-B*13:02:17
HLA-B*13:02:18
HLA-B*13:02:19
HLA-B*13:02:20
HLA-B*13:02:22
HLA-B*13:02:23
HLA-B*13:02:24
HLA-B*13:02:25
HLA-B*13:02:26
HLA-B*13:02:27
HLA-B*13:02:28
HLA-B*13:02:29
HLA-B*13:02:30
HLA-B*13:02:31
HLA-B*13:02:32
HLA-B*13:03
HLA-B*13:04
HLA-B*13:07N
HLA-B*13:11
HLA-B*14:01:01:01
HLA-B*14:01:01:02
HLA-B*14:01:01:03
HLA-B*14:01:01:04
HLA-B*14:01:01:05
HLA-B*14:01:01:06
HLA-B*14:01:01:07
HLA-B*14:01:01:08
HLA-B*14:01:07
HLA-B*14:01:08
HLA-B*14:01:09
HLA-B*14:01:10
HLA-B*14:01:11
HLA-B*14:01:12
HLA-B*14:02:01:01
HLA-B*14:02:01:02
HLA-B*14:02:01:03
HLA-B*14:02:01:04
HLA-B*14:02:01:05
HLA-B*14:02:01:06
HLA-B*14:02:01:07
HLA-B*14:02:01:08
HLA-B*14:02:01:09
HLA-B*14:02:01:10
HLA-B*14:02:01:11
HLA-B*14:02:01:12
HLA-B*14:02:01:13
HLA-B*14:02:01:14
HLA-B*14:02:01:15
HLA-B*14:02:01:16
HLA-B*14:02:01:17
HLA-B*14:02:01:18
HLA-B*14:02:01:19
HLA-B*14:02:01:20
HLA-B*14:02:02
HLA-B*14:02:03
HLA-B*14:02:11
HLA-B*14:02:14
HLA-B*14:02:16
HLA-B*14:02:17
HLA-B*14:02:18
HLA-B*14:02:20
HLA-B*14:02:21
HLA-B*14:02:22
HLA-B*14:02:23
HLA-B*14:02:24
HLA-B*14:02:25
HLA-B*14:02:26
HLA-B*14:02:27
HLA-B*14:02:28
HLA-B*14:03
HLA-B*14:05
HLA-B*14:06:01
HLA-B*14:06:02
HLA-B*15:01:01:01
HLA-B*15:01:01:02N
HLA-B*15:01:01:03
HLA-B*15:01:01:04
HLA-B*15:01:01:05
HLA-B*15:01:01:06
HLA-B*15:01:01:07
HLA-B*15:01:01:08
HLA-B*15:01:01:09
HLA-B*15:01:01:10
HLA-B*15:01:01:11
HLA-B*15:01:01:12
HLA-B*15:01:01:13
HLA-B*15:01:01:14
HLA-B*15:01:01:15
HLA-B*15:01:01:16
HLA-B*15:01:01:17
HLA-B*15:01:01:18
HLA-B*15:01:01:19
HLA-B*15:01:01:20
HLA-B*15:01:01:21
HLA-B*15:01:01:22
HLA-B*15:01:01:23
HLA-B*15:01:01:24
HLA-B*15:01:01:25
HLA-B*15:01:01:26
HLA-B*15:01:01:27
HLA-B*15:01:01:28
HLA-B*15:01:01:29
HLA-B*15:01:01:30
HLA-B*15:01:01:31
HLA-B*15:01:01:32
HLA-B*15:01:01:33
HLA-B*15:01:01:34
HLA-B*15:01:01:35
HLA-B*15:01:01:36
HLA-B*15:01:01:37
HLA-B*15:01:01:38
HLA-B*15:01:01:39Q
HLA-B*15:01:01:40
HLA-B*15:01:01:41
HLA-B*15:01:01:42
HLA-B*15:01:01:43
HLA-B*15:01:01:44
HLA-B*15:01:01:45
HLA-B*15:01:01:46
HLA-B*15:01:06
HLA-B*15:01:10
HLA-B*15:01:32
HLA-B*15:01:38
HLA-B*15:01:40
HLA-B*15:01:41
HLA-B*15:01:42
HLA-B*15:01:43
HLA-B*15:01:44
HLA-B*15:01:45
HLA-B*15:01:46
HLA-B*15:01:47
HLA-B*15:01:48
HLA-B*15:01:49
HLA-B*15:01:50
HLA-B*15:01:51
HLA-B*15:01:52
HLA-B*15:01:53
HLA-B*15:01:54
HLA-B*15:01:55
HLA-B*15:01:56
HLA-B*15:01:57
HLA-B*15:01:58
HLA-B*15:01:59
HLA-B*15:01:60
HLA-B*15:01:61
HLA-B*15:01:62
HLA-B*15:01:63
HLA-B*15:01:64
HLA-B*15:01:65
HLA-B*15:01:66
HLA-B*15:01:67
HLA-B*15:02:01:01
HLA-B*15:02:01:02
HLA-B*15:02:01:03
HLA-B*15:02:01:04
HLA-B*15:02:01:05
HLA-B*15:02:01:06
HLA-B*15:02:12
HLA-B*15:03:01:01
HLA-B*15:03:01:02
HLA-B*15:03:01:03
HLA-B*15:03:01:04
HLA-B*15:03:01:05
HLA-B*15:03:01:06
HLA-B*15:03:01:07
HLA-B*15:03:01:08
HLA-B*15:03:01:09
HLA-B*15:03:03
HLA-B*15:03:07
HLA-B*15:03:08
HLA-B*15:03:09
HLA-B*15:03:10
HLA-B*15:03:11
HLA-B*15:03:13
HLA-B*15:04:01:01
HLA-B*15:04:01:02
HLA-B*15:04:01:03
HLA-B*15:04:02
HLA-B*15:04:04
HLA-B*15:05:01:01
HLA-B*15:05:01:02
HLA-B*15:06
HLA-B*15:07:01:01
HLA-B*15:07:01:02
HLA-B*15:07:01:03
HLA-B*15:07:01:04
HLA-B*15:07:01:05
HLA-B*15:08:01
HLA-B*15:09:01
HLA-B*15:09:02
HLA-B*15:108
HLA-B*15:10:01:01
HLA-B*15:10:01:02
HLA-B*15:10:01:03
HLA-B*15:10:01:04
HLA-B*15:10:01:05
HLA-B*15:10:01:06
HLA-B*15:10:01:07
HLA-B*15:10:05
HLA-B*15:10:06
HLA-B*15:10:07
HLA-B*15:11:01
HLA-B*15:125:02
HLA-B*15:12:01
HLA-B*15:12:02
HLA-B*15:12:03
HLA-B*15:13:01
HLA-B*15:13:03
HLA-B*15:153
HLA-B*15:15:01:01
HLA-B*15:15:01:02
HLA-B*15:16:01:01
HLA-B*15:16:01:02
HLA-B*15:16:01:03
HLA-B*15:16:01:04
HLA-B*15:16:01:05
HLA-B*15:16:01:06
HLA-B*15:16:01:07
HLA-B*15:16:02:01
HLA-B*15:16:02:02
HLA-B*15:16:03
HLA-B*15:16:04
HLA-B*15:17:01:01
HLA-B*15:17:01:02
HLA-B*15:17:01:03
HLA-B*15:17:01:04
HLA-B*15:17:01:05
HLA-B*15:17:01:06
HLA-B*15:17:02
HLA-B*15:17:03
HLA-B*15:17:07
HLA-B*15:18:01:01
HLA-B*15:18:01:02
HLA-B*15:18:01:03
HLA-B*15:18:01:04
HLA-B*15:18:01:05
HLA-B*15:18:01:06
HLA-B*15:18:01:07
HLA-B*15:18:01:08
HLA-B*15:18:01:09
HLA-B*15:18:07
HLA-B*15:18:08
HLA-B*15:18:09
HLA-B*15:20
HLA-B*15:21:01:01
HLA-B*15:21:01:02
HLA-B*15:23
HLA-B*15:24:01
HLA-B*15:24:02
HLA-B*15:25:01:01
HLA-B*15:25:01:02
HLA-B*15:25:04
HLA-B*15:27:01:01
HLA-B*15:27:01:02
HLA-B*15:27:02
HLA-B*15:29:01:01
HLA-B*15:29:01:02
HLA-B*15:30:01:01
HLA-B*15:30:01:02
HLA-B*15:30:01:03
HLA-B*15:31:01:01
HLA-B*15:31:01:02
HLA-B*15:31:01:03
HLA-B*15:32:01
HLA-B*15:33
HLA-B*15:34:01
HLA-B*15:34:02
HLA-B*15:35
HLA-B*15:37
HLA-B*15:38:01
HLA-B*15:39:01:01
HLA-B*15:39:01:02
HLA-B*15:40:01
HLA-B*15:42
HLA-B*15:45
HLA-B*15:47:01
HLA-B*15:48
HLA-B*15:52
HLA-B*15:53
HLA-B*15:54
HLA-B*15:55
HLA-B*15:56
HLA-B*15:58
HLA-B*15:63
HLA-B*15:64:01
HLA-B*15:64:02
HLA-B*15:71
HLA-B*15:73:01:01
HLA-B*15:73:01:02
HLA-B*15:82
HLA-B*18:01:01:01
HLA-B*18:01:01:02
HLA-B*18:01:01:03
HLA-B*18:01:01:04
HLA-B*18:01:01:05
HLA-B*18:01:01:06
HLA-B*18:01:01:07
HLA-B*18:01:01:08
HLA-B*18:01:01:09
HLA-B*18:01:01:10
HLA-B*18:01:01:11
HLA-B*18:01:01:12Q
HLA-B*18:01:01:13
HLA-B*18:01:01:14
HLA-B*18:01:01:15
HLA-B*18:01:01:16
HLA-B*18:01:01:17
HLA-B*18:01:01:18
HLA-B*18:01:01:19
HLA-B*18:01:01:20
HLA-B*18:01:01:21
HLA-B*18:01:01:22
HLA-B*18:01:01:23
HLA-B*18:01:01:24
HLA-B*18:01:01:25
HLA-B*18:01:01:26
HLA-B*18:01:01:27
HLA-B*18:01:01:28
HLA-B*18:01:01:29
HLA-B*18:01:01:30
HLA-B*18:01:01:31
HLA-B*18:01:01:32
HLA-B*18:01:01:33
HLA-B*18:01:01:34
HLA-B*18:01:01:35
HLA-B*18:01:01:36
HLA-B*18:01:01:37
HLA-B*18:01:01:38
HLA-B*18:01:01:39
HLA-B*18:01:01:40
HLA-B*18:01:01:41
HLA-B*18:01:01:42Q
HLA-B*18:01:01:43
HLA-B*18:01:01:44
HLA-B*18:01:01:45
HLA-B*18:01:01:46
HLA-B*18:01:01:47
HLA-B*18:01:01:48
HLA-B*18:01:01:49
HLA-B*18:01:01:50
HLA-B*18:01:01:51
HLA-B*18:01:01:52
HLA-B*18:01:01:53
HLA-B*18:01:01:54
HLA-B*18:01:01:55
HLA-B*18:01:01:56
HLA-B*18:01:01:57
HLA-B*18:01:02
HLA-B*18:01:05
HLA-B*18:01:06
HLA-B*18:01:09
HLA-B*18:01:21
HLA-B*18:01:25
HLA-B*18:01:26
HLA-B*18:01:27
HLA-B*18:01:28
HLA-B*18:01:29
HLA-B*18:01:30
HLA-B*18:01:31
HLA-B*18:01:32
HLA-B*18:01:33:01
HLA-B*18:01:33:02
HLA-B*18:01:33:03
HLA-B*18:01:34
HLA-B*18:01:35
HLA-B*18:01:36
HLA-B*18:01:37
HLA-B*18:01:38
HLA-B*18:01:39
HLA-B*18:01:40
HLA-B*18:01:41
HLA-B*18:01:42
HLA-B*18:01:43
HLA-B*18:01:44
HLA-B*18:01:45
HLA-B*18:02:01
HLA-B*18:02:02
HLA-B*18:03:01:01
HLA-B*18:03:01:02
HLA-B*18:03:01:03
HLA-B*18:04:01
HLA-B*18:05:01:01
HLA-B*18:05:01:02
HLA-B*18:06
HLA-B*18:07:01
HLA-B*18:07:03
HLA-B*18:09
HLA-B*18:11
HLA-B*18:12:01
HLA-B*18:13
HLA-B*18:14
HLA-B*18:18:01:01
HLA-B*18:18:01:02
HLA-B*18:19
HLA-B*18:20
HLA-B*18:28
HLA-B*18:33
HLA-B*27:01
HLA-B*27:02:01:01
HLA-B*27:02:01:02
HLA-B*27:02:01:03
HLA-B*27:02:01:04
HLA-B*27:02:01:05
HLA-B*27:02:01:06
HLA-B*27:02:01:07
HLA-B*27:02:05
HLA-B*27:02:06
HLA-B*27:03
HLA-B*27:04:01
HLA-B*27:05:02:01
HLA-B*27:05:02:02
HLA-B*27:05:02:03
HLA-B*27:05:02:04Q
HLA-B*27:05:02:05
HLA-B*27:05:02:06
HLA-B*27:05:02:07
HLA-B*27:05:02:08
HLA-B*27:05:02:09
HLA-B*27:05:02:10
HLA-B*27:05:02:11
HLA-B*27:05:02:12
HLA-B*27:05:02:13
HLA-B*27:05:02:14
HLA-B*27:05:02:15
HLA-B*27:05:02:16
HLA-B*27:05:02:17
HLA-B*27:05:02:18
HLA-B*27:05:02:19
HLA-B*27:05:02:20
HLA-B*27:05:02:21
HLA-B*27:05:02:22
HLA-B*27:05:02:23
HLA-B*27:05:02:24
HLA-B*27:05:02:25
HLA-B*27:05:03
HLA-B*27:05:05
HLA-B*27:05:07
HLA-B*27:05:18:01
HLA-B*27:05:18:02
HLA-B*27:05:23
HLA-B*27:05:31
HLA-B*27:05:32
HLA-B*27:05:33
HLA-B*27:05:34
HLA-B*27:05:35
HLA-B*27:05:36
HLA-B*27:05:37
HLA-B*27:05:39
HLA-B*27:05:40
HLA-B*27:05:41
HLA-B*27:05:42
HLA-B*27:05:43
HLA-B*27:05:44
HLA-B*27:05:45
HLA-B*27:05:46
HLA-B*27:05:48
HLA-B*27:05:49
HLA-B*27:05:50
HLA-B*27:05:51
HLA-B*27:05:52
HLA-B*27:05:53
HLA-B*27:05:54
HLA-B*27:06:01:01
HLA-B*27:06:01:02
HLA-B*27:07:01
HLA-B*27:07:04
HLA-B*27:08
HLA-B*27:09
HLA-B*27:10
HLA-B*27:12:01:01
HLA-B*27:12:01:02
HLA-B*27:12:01:03
HLA-B*27:14
HLA-B*27:19:01:01
HLA-B*27:19:01:02
HLA-B*27:20
HLA-B*27:21:02
HLA-B*27:30
HLA-B*35:01:01:01
HLA-B*35:01:01:02
HLA-B*35:01:01:03
HLA-B*35:01:01:04
HLA-B*35:01:01:05
HLA-B*35:01:01:06
HLA-B*35:01:01:07
HLA-B*35:01:01:08
HLA-B*35:01:01:09
HLA-B*35:01:01:10
HLA-B*35:01:01:11
HLA-B*35:01:01:12
HLA-B*35:01:01:13
HLA-B*35:01:01:14
HLA-B*35:01:01:15
HLA-B*35:01:01:16
HLA-B*35:01:01:17
HLA-B*35:01:01:18
HLA-B*35:01:01:19
HLA-B*35:01:01:20
HLA-B*35:01:01:21
HLA-B*35:01:01:22
HLA-B*35:01:01:23
HLA-B*35:01:01:24
HLA-B*35:01:01:25
HLA-B*35:01:01:26
HLA-B*35:01:01:27
HLA-B*35:01:01:28
HLA-B*35:01:01:29
HLA-B*35:01:01:30
HLA-B*35:01:01:31
HLA-B*35:01:01:32
HLA-B*35:01:01:33
HLA-B*35:01:01:34
HLA-B*35:01:01:35
HLA-B*35:01:01:36
HLA-B*35:01:01:37
HLA-B*35:01:01:38
HLA-B*35:01:01:39
HLA-B*35:01:01:40
HLA-B*35:01:01:41
HLA-B*35:01:01:42
HLA-B*35:01:01:43
HLA-B*35:01:01:44
HLA-B*35:01:01:45
HLA-B*35:01:01:46
HLA-B*35:01:01:47
HLA-B*35:01:01:48
HLA-B*35:01:01:49
HLA-B*35:01:01:50
HLA-B*35:01:01:51
HLA-B*35:01:01:52
HLA-B*35:01:01:53
HLA-B*35:01:01:54
HLA-B*35:01:01:55
HLA-B*35:01:01:56
HLA-B*35:01:01:57
HLA-B*35:01:01:58
HLA-B*35:01:01:59
HLA-B*35:01:01:60
HLA-B*35:01:02
HLA-B*35:01:04
HLA-B*35:01:06
HLA-B*35:01:22
HLA-B*35:01:45
HLA-B*35:01:46
HLA-B*35:01:48
HLA-B*35:01:49
HLA-B*35:01:50
HLA-B*35:01:51
HLA-B*35:01:52
HLA-B*35:01:53
HLA-B*35:01:54
HLA-B*35:01:55
HLA-B*35:01:56
HLA-B*35:01:57
HLA-B*35:01:58
HLA-B*35:01:59
HLA-B*35:01:60
HLA-B*35:01:61
HLA-B*35:01:62
HLA-B*35:01:63
HLA-B*35:01:65
HLA-B*35:01:66
HLA-B*35:02:01:01
HLA-B*35:02:01:02
HLA-B*35:02:01:03
HLA-B*35:02:01:04
HLA-B*35:02:01:05
HLA-B*35:02:01:06
HLA-B*35:02:01:07
HLA-B*35:02:02
HLA-B*35:02:08
HLA-B*35:02:09
HLA-B*35:02:10
HLA-B*35:02:11
HLA-B*35:02:12
HLA-B*35:02:13
HLA-B*35:02:14
HLA-B*35:02:15
HLA-B*35:02:16
HLA-B*35:03:01:01
HLA-B*35:03:01:02
HLA-B*35:03:01:03
HLA-B*35:03:01:04
HLA-B*35:03:01:05
HLA-B*35:03:01:06
HLA-B*35:03:01:07
HLA-B*35:03:01:08
HLA-B*35:03:01:09
HLA-B*35:03:01:10
HLA-B*35:03:01:11
HLA-B*35:03:01:12
HLA-B*35:03:01:13
HLA-B*35:03:01:14
HLA-B*35:03:01:15
HLA-B*35:03:01:16
HLA-B*35:03:01:17
HLA-B*35:03:01:18
HLA-B*35:03:01:19
HLA-B*35:03:01:20
HLA-B*35:03:01:21
HLA-B*35:03:02
HLA-B*35:03:08
HLA-B*35:03:19
HLA-B*35:03:22
HLA-B*35:03:23
HLA-B*35:03:24
HLA-B*35:03:25
HLA-B*35:03:26
HLA-B*35:03:27
HLA-B*35:03:28
HLA-B*35:03:29
HLA-B*35:03:30
HLA-B*35:03:31
HLA-B*35:03:32
HLA-B*35:04:01:01
HLA-B*35:04:01:02
HLA-B*35:04:02
HLA-B*35:05:01:01
HLA-B*35:05:01:02
HLA-B*35:05:01:03
HLA-B*35:05:01:04
HLA-B*35:05:04
HLA-B*35:05:05
HLA-B*35:05:06
HLA-B*35:06
HLA-B*35:08:01:01
HLA-B*35:08:01:02
HLA-B*35:08:01:03
HLA-B*35:08:01:04
HLA-B*35:08:01:05
HLA-B*35:08:01:06
HLA-B*35:08:01:07
HLA-B*35:08:01:08
HLA-B*35:08:01:09
HLA-B*35:08:01:10
HLA-B*35:08:02
HLA-B*35:08:11
HLA-B*35:08:12
HLA-B*35:08:13
HLA-B*35:08:14
HLA-B*35:09:01
HLA-B*35:09:03
HLA-B*35:10
HLA-B*35:11:01
HLA-B*35:11:03
HLA-B*35:12:01:01
HLA-B*35:12:01:02
HLA-B*35:12:03
HLA-B*35:13
HLA-B*35:14:01
HLA-B*35:14:02
HLA-B*35:14:03
HLA-B*35:15:01
HLA-B*35:15:02
HLA-B*35:16
HLA-B*35:17:01
HLA-B*35:17:03
HLA-B*35:17:04
HLA-B*35:19
HLA-B*35:20:01
HLA-B*35:20:02
HLA-B*35:21
HLA-B*35:22:01:01
HLA-B*35:22:01:02
HLA-B*35:23
HLA-B*35:24:01
HLA-B*35:25
HLA-B*35:27
HLA-B*35:28:01:01
HLA-B*35:28:01:02
HLA-B*35:28:01:03
HLA-B*35:29:01
HLA-B*35:29:03
HLA-B*35:30:01:01
HLA-B*35:30:01:02
HLA-B*35:31
HLA-B*35:32:03
HLA-B*35:33
HLA-B*35:34
HLA-B*35:36
HLA-B*35:43:01
HLA-B*35:43:03
HLA-B*35:43:04
HLA-B*35:51:02
HLA-B*35:77
HLA-B*37:01:01:01
HLA-B*37:01:01:02
HLA-B*37:01:01:03
HLA-B*37:01:01:04
HLA-B*37:01:01:05
HLA-B*37:01:01:06
HLA-B*37:01:01:07
HLA-B*37:01:01:08
HLA-B*37:01:01:09
HLA-B*37:01:01:10
HLA-B*37:01:01:11
HLA-B*37:01:01:12
HLA-B*37:01:01:13
HLA-B*37:01:01:14
HLA-B*37:01:01:15
HLA-B*37:01:05
HLA-B*37:01:10
HLA-B*37:01:12
HLA-B*37:01:13
HLA-B*37:01:14
HLA-B*37:01:15
HLA-B*37:01:16
HLA-B*37:01:17
HLA-B*37:01:18
HLA-B*37:01:19
HLA-B*37:01:20
HLA-B*37:01:21
HLA-B*37:01:22
HLA-B*37:01:23
HLA-B*37:01:24
HLA-B*37:01:25
HLA-B*37:01:26
HLA-B*37:02
HLA-B*37:04:01
HLA-B*37:04:02
HLA-B*37:05
HLA-B*38:01:01:01
HLA-B*38:01:01:02
HLA-B*38:01:01:03Q
HLA-B*38:01:01:04
HLA-B*38:01:01:05
HLA-B*38:01:01:06
HLA-B*38:01:01:07
HLA-B*38:01:01:08
HLA-B*38:01:01:09
HLA-B*38:01:01:10
HLA-B*38:01:01:11
HLA-B*38:01:01:12
HLA-B*38:01:01:13
HLA-B*38:01:01:14
HLA-B*38:01:08
HLA-B*38:01:13
HLA-B*38:01:14
HLA-B*38:01:15
HLA-B*38:01:16
HLA-B*38:01:17
HLA-B*38:01:18
HLA-B*38:02:01:01
HLA-B*38:02:01:02
HLA-B*38:02:02:01
HLA-B*38:02:02:02
HLA-B*38:02:08
HLA-B*38:02:09
HLA-B*38:02:10
HLA-B*38:06
HLA-B*39:01:01:01
HLA-B*39:01:01:02L
HLA-B*39:01:01:03
HLA-B*39:01:01:04
HLA-B*39:01:01:05
HLA-B*39:01:01:06
HLA-B*39:01:01:07
HLA-B*39:01:01:08
HLA-B*39:01:01:09
HLA-B*39:01:01:10
HLA-B*39:01:01:11
HLA-B*39:01:01:12
HLA-B*39:01:01:13
HLA-B*39:01:01:14
HLA-B*39:01:01:15
HLA-B*39:01:01:16
HLA-B*39:01:01:17
HLA-B*39:01:01:18
HLA-B*39:01:01:19
HLA-B*39:01:01:20
HLA-B*39:01:01:21
HLA-B*39:01:01:22
HLA-B*39:01:03:01
HLA-B*39:01:03:02
HLA-B*39:01:04
HLA-B*39:01:05
HLA-B*39:01:16
HLA-B*39:01:21
HLA-B*39:01:24
HLA-B*39:01:25
HLA-B*39:01:26
HLA-B*39:01:27
HLA-B*39:01:28
HLA-B*39:01:29
HLA-B*39:01:30
HLA-B*39:01:31
HLA-B*39:01:33
HLA-B*39:01:34
HLA-B*39:02:01:01
HLA-B*39:02:01:02
HLA-B*39:02:02:01
HLA-B*39:02:02:02
HLA-B*39:02:02:03
HLA-B*39:02:02:04
HLA-B*39:02:03
HLA-B*39:03:01:01
HLA-B*39:03:01:02
HLA-B*39:03:01:03
HLA-B*39:04
HLA-B*39:05:01:01
HLA-B*39:05:01:02
HLA-B*39:05:01:03
HLA-B*39:05:01:04
HLA-B*39:05:01:05
HLA-B*39:05:03
HLA-B*39:05:04
HLA-B*39:06:01:01
HLA-B*39:06:01:02
HLA-B*39:06:02:01
HLA-B*39:06:02:02
HLA-B*39:06:02:03
HLA-B*39:06:02:04
HLA-B*39:06:02:05
HLA-B*39:06:02:06
HLA-B*39:06:02:07
HLA-B*39:06:06
HLA-B*39:08
HLA-B*39:09:01:01
HLA-B*39:09:01:02
HLA-B*39:09:01:03
HLA-B*39:09:01:04
HLA-B*39:09:02
HLA-B*39:09:04
HLA-B*39:09:05
HLA-B*39:10:01
HLA-B*39:11
HLA-B*39:12:01:01
HLA-B*39:12:01:02
HLA-B*39:13:01
HLA-B*39:13:02
HLA-B*39:14:01:01
HLA-B*39:14:01:02
HLA-B*39:14:01:03
HLA-B*39:15
HLA-B*39:23
HLA-B*39:24:01
HLA-B*39:31:01:01
HLA-B*39:31:01:02
HLA-B*39:34
HLA-B*40:01:01
HLA-B*40:01:02:01
HLA-B*40:01:02:02
HLA-B*40:01:02:03
HLA-B*40:01:02:04
HLA-B*40:01:02:05
HLA-B*40:01:02:06
HLA-B*40:01:02:07
HLA-B*40:01:02:08
HLA-B*40:01:02:09
HLA-B*40:01:02:10
HLA-B*40:01:02:11
HLA-B*40:01:02:12
HLA-B*40:01:02:13
HLA-B*40:01:02:14
HLA-B*40:01:02:15
HLA-B*40:01:02:16
HLA-B*40:01:02:17
HLA-B*40:01:02:18
HLA-B*40:01:02:19
HLA-B*40:01:02:20
HLA-B*40:01:02:21
HLA-B*40:01:02:22
HLA-B*40:01:02:23
HLA-B*40:01:02:24
HLA-B*40:01:02:25
HLA-B*40:01:02:26
HLA-B*40:01:02:27
HLA-B*40:01:02:28
HLA-B*40:01:02:29
HLA-B*40:01:02:30
HLA-B*40:01:02:31
HLA-B*40:01:02:32
HLA-B*40:01:02:33
HLA-B*40:01:02:34
HLA-B*40:01:02:35
HLA-B*40:01:02:36
HLA-B*40:01:02:37
HLA-B*40:01:02:38
HLA-B*40:01:02:39
HLA-B*40:01:02:40
HLA-B*40:01:02:41
HLA-B*40:01:02:42
HLA-B*40:01:02:43
HLA-B*40:01:02:44
HLA-B*40:01:02:45
HLA-B*40:01:02:46
HLA-B*40:01:02:47
HLA-B*40:01:03:01
HLA-B*40:01:03:02
HLA-B*40:01:04
HLA-B*40:01:07
HLA-B*40:01:40
HLA-B*40:01:43
HLA-B*40:01:45
HLA-B*40:01:48
HLA-B*40:01:50
HLA-B*40:01:52
HLA-B*40:01:53
HLA-B*40:01:54
HLA-B*40:01:55
HLA-B*40:01:56
HLA-B*40:01:57
HLA-B*40:01:58
HLA-B*40:01:59
HLA-B*40:01:60
HLA-B*40:01:61
HLA-B*40:01:62
HLA-B*40:01:63
HLA-B*40:01:64
HLA-B*40:01:65
HLA-B*40:01:66
HLA-B*40:01:67
HLA-B*40:01:68
HLA-B*40:01:69
HLA-B*40:01:70
HLA-B*40:01:71
HLA-B*40:02:01:01
HLA-B*40:02:01:02
HLA-B*40:02:01:03
HLA-B*40:02:01:04
HLA-B*40:02:01:05
HLA-B*40:02:01:06
HLA-B*40:02:01:07
HLA-B*40:02:01:08
HLA-B*40:02:01:09
HLA-B*40:02:01:10
HLA-B*40:02:01:11
HLA-B*40:02:01:12
HLA-B*40:02:01:13
HLA-B*40:02:01:14
HLA-B*40:02:01:15
HLA-B*40:02:01:16
HLA-B*40:02:01:17
HLA-B*40:02:01:18
HLA-B*40:02:01:19
HLA-B*40:02:01:20
HLA-B*40:02:01:21
HLA-B*40:02:01:22
HLA-B*40:02:01:23
HLA-B*40:02:01:24
HLA-B*40:02:24
HLA-B*40:02:26
HLA-B*40:02:27
HLA-B*40:02:28
HLA-B*40:02:29
HLA-B*40:02:30
HLA-B*40:02:31
HLA-B*40:02:32
HLA-B*40:02:33
HLA-B*40:02:34
HLA-B*40:03:01:01
HLA-B*40:03:01:02
HLA-B*40:03:01:03
HLA-B*40:03:02
HLA-B*40:04:01:01
HLA-B*40:04:01:02
HLA-B*40:04:02
HLA-B*40:05:01:01
HLA-B*40:05:01:02
HLA-B*40:05:01:03
HLA-B*40:05:02
HLA-B*40:06:01:01
HLA-B*40:06:01:02
HLA-B*40:06:01:03
HLA-B*40:06:01:04
HLA-B*40:06:01:05
HLA-B*40:06:01:06
HLA-B*40:06:01:07
HLA-B*40:06:01:08
HLA-B*40:06:01:09
HLA-B*40:06:01:10
HLA-B*40:06:01:11
HLA-B*40:06:01:12
HLA-B*40:06:01:13
HLA-B*40:06:01:14
HLA-B*40:06:04:01
HLA-B*40:06:04:02
HLA-B*40:06:04:03
HLA-B*40:06:17
HLA-B*40:06:18
HLA-B*40:06:19
HLA-B*40:06:20
HLA-B*40:06:22
HLA-B*40:06:23
HLA-B*40:06:24
HLA-B*40:06:25
HLA-B*40:06:26
HLA-B*40:08
HLA-B*40:10:01:01
HLA-B*40:10:01:02
HLA-B*40:11:01:01
HLA-B*40:11:01:02
HLA-B*40:11:01:03
HLA-B*40:11:02
HLA-B*40:12:01
HLA-B*40:12:02
HLA-B*40:14:03
HLA-B*40:16:01:01
HLA-B*40:16:01:02
HLA-B*40:19
HLA-B*40:20:01:01
HLA-B*40:20:01:02
HLA-B*40:23
HLA-B*40:27:01
HLA-B*40:27:03
HLA-B*40:31
HLA-B*40:37
HLA-B*40:40
HLA-B*40:42
HLA-B*40:50:01:01
HLA-B*40:50:01:02
HLA-B*40:52
HLA-B*40:64:01:01
HLA-B*40:64:01:02
HLA-B*40:64:02
HLA-B*40:80
HLA-B*41:01:01:01
HLA-B*41:01:01:02
HLA-B*41:01:01:03
HLA-B*41:01:01:04
HLA-B*41:01:01:05
HLA-B*41:01:01:06
HLA-B*41:01:06
HLA-B*41:01:07
HLA-B*41:02:01:01
HLA-B*41:02:01:02
HLA-B*41:02:01:03
HLA-B*41:02:01:04
HLA-B*41:02:01:05
HLA-B*41:02:01:06
HLA-B*41:02:01:07
HLA-B*41:02:01:08
HLA-B*41:02:01:09
HLA-B*41:02:06
HLA-B*41:02:07
HLA-B*41:02:08
HLA-B*41:02:09
HLA-B*41:03:01
HLA-B*42:01:01:01
HLA-B*42:01:01:02
HLA-B*42:01:04
HLA-B*42:02:01:01
HLA-B*42:02:01:02
HLA-B*42:02:02
HLA-B*44:02:01:01
HLA-B*44:02:01:02S
HLA-B*44:02:01:03
HLA-B*44:02:01:04
HLA-B*44:02:01:05
HLA-B*44:02:01:06
HLA-B*44:02:01:07
HLA-B*44:02:01:08
HLA-B*44:02:01:09
HLA-B*44:02:01:10
HLA-B*44:02:01:11
HLA-B*44:02:01:12
HLA-B*44:02:01:13Q
HLA-B*44:02:01:14
HLA-B*44:02:01:15
HLA-B*44:02:01:16
HLA-B*44:02:01:17
HLA-B*44:02:01:18
HLA-B*44:02:01:19
HLA-B*44:02:01:20
HLA-B*44:02:01:21
HLA-B*44:02:01:22
HLA-B*44:02:01:23
HLA-B*44:02:01:24
HLA-B*44:02:01:25
HLA-B*44:02:01:26
HLA-B*44:02:01:27
HLA-B*44:02:01:28
HLA-B*44:02:01:29
HLA-B*44:02:01:30
HLA-B*44:02:01:31
HLA-B*44:02:01:32
HLA-B*44:02:01:33
HLA-B*44:02:01:34
HLA-B*44:02:01:35
HLA-B*44:02:01:36
HLA-B*44:02:01:37
HLA-B*44:02:01:38
HLA-B*44:02:01:39
HLA-B*44:02:01:40
HLA-B*44:02:01:41
HLA-B*44:02:01:42
HLA-B*44:02:01:43
HLA-B*44:02:01:44
HLA-B*44:02:01:45
HLA-B*44:02:01:46
HLA-B*44:02:01:47
HLA-B*44:02:01:48
HLA-B*44:02:01:49
HLA-B*44:02:01:50
HLA-B*44:02:01:51
HLA-B*44:02:02
HLA-B*44:02:17
HLA-B*44:02:19
HLA-B*44:02:27
HLA-B*44:02:33
HLA-B*44:02:37
HLA-B*44:02:38
HLA-B*44:02:40
HLA-B*44:02:41
HLA-B*44:02:42
HLA-B*44:02:43
HLA-B*44:02:44
HLA-B*44:02:46
HLA-B*44:02:47
HLA-B*44:02:48
HLA-B*44:02:49
HLA-B*44:02:50
HLA-B*44:02:51
HLA-B*44:02:52
HLA-B*44:02:53
HLA-B*44:02:54
HLA-B*44:02:55
HLA-B*44:02:56
HLA-B*44:02:57
HLA-B*44:02:58
HLA-B*44:02:59
HLA-B*44:02:60
HLA-B*44:02:61
HLA-B*44:02:62
HLA-B*44:02:63
HLA-B*44:02:64
HLA-B*44:02:65
HLA-B*44:02:66
HLA-B*44:02:67
HLA-B*44:02:68
HLA-B*44:02:69
HLA-B*44:02:70
HLA-B*44:02:71
HLA-B*44:02:72
HLA-B*44:03:01:01
HLA-B*44:03:01:02
HLA-B*44:03:01:03
HLA-B*44:03:01:04
HLA-B*44:03:01:05
HLA-B*44:03:01:06
HLA-B*44:03:01:07
HLA-B*44:03:01:08
HLA-B*44:03:01:09
HLA-B*44:03:01:10
HLA-B*44:03:01:11
HLA-B*44:03:01:12
HLA-B*44:03:01:13
HLA-B*44:03:01:14
HLA-B*44:03:01:15
HLA-B*44:03:01:16
HLA-B*44:03:01:17
HLA-B*44:03:01:18
HLA-B*44:03:01:19
HLA-B*44:03:01:20
HLA-B*44:03:01:21
HLA-B*44:03:01:22
HLA-B*44:03:01:23
HLA-B*44:03:01:24
HLA-B*44:03:01:25
HLA-B*44:03:01:26
HLA-B*44:03:01:27
HLA-B*44:03:01:28
HLA-B*44:03:01:29
HLA-B*44:03:01:30
HLA-B*44:03:01:31
HLA-B*44:03:01:32
HLA-B*44:03:01:33
HLA-B*44:03:01:34
HLA-B*44:03:01:35
HLA-B*44:03:01:36
HLA-B*44:03:01:37
HLA-B*44:03:01:38
HLA-B*44:03:01:39
HLA-B*44:03:01:40
HLA-B*44:03:01:41
HLA-B*44:03:01:42
HLA-B*44:03:01:43
HLA-B*44:03:02:01
HLA-B*44:03:02:02
HLA-B*44:03:02:03
HLA-B*44:03:08
HLA-B*44:03:28
HLA-B*44:03:32
HLA-B*44:03:33
HLA-B*44:03:38
HLA-B*44:03:42
HLA-B*44:03:43
HLA-B*44:03:44
HLA-B*44:03:46
HLA-B*44:03:47
HLA-B*44:03:48
HLA-B*44:03:49
HLA-B*44:03:50
HLA-B*44:03:51
HLA-B*44:03:52
HLA-B*44:03:53
HLA-B*44:03:54
HLA-B*44:03:55
HLA-B*44:03:56
HLA-B*44:03:57
HLA-B*44:03:58
HLA-B*44:04
HLA-B*44:05:01:01
HLA-B*44:05:01:02
HLA-B*44:05:01:03
HLA-B*44:05:01:04
HLA-B*44:06
HLA-B*44:07
HLA-B*44:08
HLA-B*44:09
HLA-B*44:10
HLA-B*44:12
HLA-B*44:15:01:01
HLA-B*44:15:01:02
HLA-B*44:18:01:01
HLA-B*44:18:01:02
HLA-B*44:20
HLA-B*44:21
HLA-B*44:26
HLA-B*44:27:01:01
HLA-B*44:27:01:02
HLA-B*44:27:01:03
HLA-B*44:27:03
HLA-B*44:27:04
HLA-B*44:29
HLA-B*45:01:01:01
HLA-B*45:01:01:02
HLA-B*45:01:01:03
HLA-B*45:01:01:04
HLA-B*45:01:01:05
HLA-B*45:01:01:06
HLA-B*45:01:01:07
HLA-B*45:01:01:08
HLA-B*45:01:03
HLA-B*45:01:04
HLA-B*45:01:05
HLA-B*45:01:06
HLA-B*45:01:07
HLA-B*45:01:08
HLA-B*45:01:09
HLA-B*45:01:10
HLA-B*45:01:11
HLA-B*45:02
HLA-B*45:04
HLA-B*46:01:01:01
HLA-B*46:01:01:02
HLA-B*46:01:01:03
HLA-B*46:01:01:04
HLA-B*46:01:01:05
HLA-B*46:01:01:06
HLA-B*46:01:01:07
HLA-B*46:01:05
HLA-B*46:01:07
HLA-B*46:01:24
HLA-B*46:01:29
HLA-B*46:01:31
HLA-B*46:01:32
HLA-B*47:01:01:02
HLA-B*47:01:01:03
HLA-B*47:01:01:04
HLA-B*47:01:01:05
HLA-B*47:01:01:06
HLA-B*47:01:04
HLA-B*47:01:05
HLA-B*47:02
HLA-B*47:03
HLA-B*48:01:01:01
HLA-B*48:01:01:02
HLA-B*48:01:01:03
HLA-B*48:01:01:04
HLA-B*48:01:01:05
HLA-B*48:01:01:06
HLA-B*48:01:01:07
HLA-B*48:01:01:08
HLA-B*48:01:07
HLA-B*48:01:08
HLA-B*48:01:09
HLA-B*48:01:10
HLA-B*48:02:01
HLA-B*48:03:01:01
HLA-B*48:03:01:02
HLA-B*48:03:01:03
HLA-B*48:03:02
HLA-B*48:04:01:01
HLA-B*48:04:01:02
HLA-B*48:05
HLA-B*48:06
HLA-B*48:07
HLA-B*48:08
HLA-B*49:01:01:01
HLA-B*49:01:01:02
HLA-B*49:01:01:03
HLA-B*49:01:01:04
HLA-B*49:01:01:05
HLA-B*49:01:01:06
HLA-B*49:01:01:07
HLA-B*49:01:01:08
HLA-B*49:01:01:09
HLA-B*49:01:01:10
HLA-B*49:01:01:11
HLA-B*49:01:01:12
HLA-B*49:01:01:13
HLA-B*49:01:01:14
HLA-B*49:01:08
HLA-B*49:01:09
HLA-B*49:01:10
HLA-B*49:01:11
HLA-B*49:01:12
HLA-B*49:01:13
HLA-B*49:01:14
HLA-B*49:01:15
HLA-B*49:01:16
HLA-B*49:01:17
HLA-B*49:01:18
HLA-B*50:01:01:01
HLA-B*50:01:01:02
HLA-B*50:01:01:03
HLA-B*50:01:01:04
HLA-B*50:01:01:05
HLA-B*50:01:01:06
HLA-B*50:01:01:07
HLA-B*50:01:01:08
HLA-B*50:01:08
HLA-B*50:01:09
HLA-B*50:01:10
HLA-B*50:01:11
HLA-B*50:01:12
HLA-B*50:01:13
HLA-B*50:01:14
HLA-B*50:01:15
HLA-B*50:01:16
HLA-B*50:02:01:01
HLA-B*50:02:01:02
HLA-B*50:04
HLA-B*51:01:01:01
HLA-B*51:01:01:02
HLA-B*51:01:01:03
HLA-B*51:01:01:04
HLA-B*51:01:01:05
HLA-B*51:01:01:06
HLA-B*51:01:01:07
HLA-B*51:01:01:08
HLA-B*51:01:01:09
HLA-B*51:01:01:10
HLA-B*51:01:01:11
HLA-B*51:01:01:12
HLA-B*51:01:01:13
HLA-B*51:01:01:14
HLA-B*51:01:01:15
HLA-B*51:01:01:16
HLA-B*51:01:01:17
HLA-B*51:01:01:18
HLA-B*51:01:01:19
HLA-B*51:01:01:20
HLA-B*51:01:01:21
HLA-B*51:01:01:22
HLA-B*51:01:01:23
HLA-B*51:01:01:24
HLA-B*51:01:01:25
HLA-B*51:01:01:26
HLA-B*51:01:01:27
HLA-B*51:01:01:28
HLA-B*51:01:01:29
HLA-B*51:01:01:30
HLA-B*51:01:01:31
HLA-B*51:01:01:32
HLA-B*51:01:01:33
HLA-B*51:01:01:34
HLA-B*51:01:01:35
HLA-B*51:01:01:36
HLA-B*51:01:01:37
HLA-B*51:01:01:38
HLA-B*51:01:01:39
HLA-B*51:01:01:40
HLA-B*51:01:01:41
HLA-B*51:01:01:42
HLA-B*51:01:01:43
HLA-B*51:01:01:44
HLA-B*51:01:01:45
HLA-B*51:01:01:46
HLA-B*51:01:01:47
HLA-B*51:01:01:48
HLA-B*51:01:01:49
HLA-B*51:01:01:50
HLA-B*51:01:01:51
HLA-B*51:01:01:52
HLA-B*51:01:01:53
HLA-B*51:01:01:54
HLA-B*51:01:01:55
HLA-B*51:01:01:56
HLA-B*51:01:01:57
HLA-B*51:01:01:58
HLA-B*51:01:01:59
HLA-B*51:01:01:60
HLA-B*51:01:01:61
HLA-B*51:01:01:62
HLA-B*51:01:01:63
HLA-B*51:01:01:64
HLA-B*51:01:01:65
HLA-B*51:01:01:66
HLA-B*51:01:01:67
HLA-B*51:01:01:68
HLA-B*51:01:01:69
HLA-B*51:01:01:70
HLA-B*51:01:01:71
HLA-B*51:01:01:72
HLA-B*51:01:01:73
HLA-B*51:01:01:74
HLA-B*51:01:01:75
HLA-B*51:01:01:76
HLA-B*51:01:01:77
HLA-B*51:01:01:78
HLA-B*51:01:02:01
HLA-B*51:01:02:02
HLA-B*51:01:05
HLA-B*51:01:07
HLA-B*51:01:09
HLA-B*51:01:42
HLA-B*51:01:55
HLA-B*51:01:56
HLA-B*51:01:57
HLA-B*51:01:58
HLA-B*51:01:59
HLA-B*51:01:60
HLA-B*51:01:61
HLA-B*51:01:62
HLA-B*51:01:63
HLA-B*51:01:64
HLA-B*51:01:65
HLA-B*51:01:66
HLA-B*51:01:67
HLA-B*51:01:68
HLA-B*51:01:69
HLA-B*51:01:70
HLA-B*51:01:71
HLA-B*51:01:72
HLA-B*51:01:73
HLA-B*51:01:74
HLA-B*51:01:75
HLA-B*51:01:76
HLA-B*51:01:77
HLA-B*51:01:78
HLA-B*51:01:79
HLA-B*51:01:80
HLA-B*51:01:81
HLA-B*51:01:82
HLA-B*51:01:84
HLA-B*51:01:85
HLA-B*51:01:86
HLA-B*51:01:87
HLA-B*51:01:88
HLA-B*51:02:01:01
HLA-B*51:02:01:02
HLA-B*51:02:01:03
HLA-B*51:02:02
HLA-B*51:02:06
HLA-B*51:03
HLA-B*51:04:01
HLA-B*51:04:02
HLA-B*51:05
HLA-B*51:06:01:01
HLA-B*51:06:01:02
HLA-B*51:06:01:03
HLA-B*51:06:04
HLA-B*51:07:01
HLA-B*51:08:01:01
HLA-B*51:08:01:02
HLA-B*51:08:01:03
HLA-B*51:08:01:04
HLA-B*51:08:03
HLA-B*51:08:04
HLA-B*51:09:01
HLA-B*51:10
HLA-B*51:13:01
HLA-B*51:13:02
HLA-B*51:14
HLA-B*51:22
HLA-B*51:31
HLA-B*51:36
HLA-B*51:65
HLA-B*52:01:01:01
HLA-B*52:01:01:02
HLA-B*52:01:01:03
HLA-B*52:01:01:04
HLA-B*52:01:01:05
HLA-B*52:01:01:06
HLA-B*52:01:01:07
HLA-B*52:01:01:08
HLA-B*52:01:01:09
HLA-B*52:01:01:10
HLA-B*52:01:01:11
HLA-B*52:01:01:12
HLA-B*52:01:01:13
HLA-B*52:01:01:14
HLA-B*52:01:01:15
HLA-B*52:01:01:16
HLA-B*52:01:01:17
HLA-B*52:01:02:01
HLA-B*52:01:02:02
HLA-B*52:01:02:03
HLA-B*52:01:02:04
HLA-B*52:01:02:05
HLA-B*52:01:02:06
HLA-B*52:01:02:07
HLA-B*52:01:28
HLA-B*52:01:30
HLA-B*52:01:31
HLA-B*52:01:32
HLA-B*52:01:33
HLA-B*52:01:34
HLA-B*52:01:35
HLA-B*52:01:36
HLA-B*52:01:37
HLA-B*52:01:38
HLA-B*52:01:39
HLA-B*52:01:40
HLA-B*52:01:41
HLA-B*52:01:42
HLA-B*52:01:43
HLA-B*52:01:44
HLA-B*52:01:45
HLA-B*52:01:46
HLA-B*52:01:47
HLA-B*52:01:48
HLA-B*52:02:01
HLA-B*53:01:01:01
HLA-B*53:01:01:02
HLA-B*53:01:01:03
HLA-B*53:01:01:04
HLA-B*53:01:01:05
HLA-B*53:01:01:06
HLA-B*53:01:01:07
HLA-B*53:01:01:08
HLA-B*53:01:01:09
HLA-B*53:01:01:10
HLA-B*53:01:01:11
HLA-B*53:01:03
HLA-B*53:01:05
HLA-B*53:01:06
HLA-B*53:01:12
HLA-B*53:01:13
HLA-B*53:01:14
HLA-B*53:01:15
HLA-B*53:01:16
HLA-B*53:01:17
HLA-B*53:01:18
HLA-B*53:01:19
HLA-B*53:01:20
HLA-B*53:01:21
HLA-B*53:01:22
HLA-B*53:01:23
HLA-B*53:01:24
HLA-B*53:01:25
HLA-B*53:01:26
HLA-B*53:05:01
HLA-B*53:05:02
HLA-B*53:07
HLA-B*54:01:01:01
HLA-B*54:01:01:02
HLA-B*54:01:01:03
HLA-B*54:01:01:04
HLA-B*54:01:01:05
HLA-B*54:01:01:06
HLA-B*54:01:07
HLA-B*54:01:08
HLA-B*54:01:09
HLA-B*55:01:01:01
HLA-B*55:01:01:02
HLA-B*55:01:01:03
HLA-B*55:01:01:04
HLA-B*55:01:01:05
HLA-B*55:01:01:06
HLA-B*55:01:01:07
HLA-B*55:01:01:08
HLA-B*55:01:01:09
HLA-B*55:01:01:10
HLA-B*55:01:01:11
HLA-B*55:01:01:12
HLA-B*55:01:01:13
HLA-B*55:01:01:14
HLA-B*55:01:01:15
HLA-B*55:01:01:16
HLA-B*55:01:01:17
HLA-B*55:01:01:18
HLA-B*55:01:01:19
HLA-B*55:01:01:20
HLA-B*55:01:03
HLA-B*55:01:06
HLA-B*55:01:17
HLA-B*55:01:18
HLA-B*55:01:19
HLA-B*55:01:20
HLA-B*55:01:21
HLA-B*55:01:22
HLA-B*55:01:23
HLA-B*55:01:24
HLA-B*55:01:25
HLA-B*55:01:26
HLA-B*55:02:01:01
HLA-B*55:02:01:02
HLA-B*55:02:01:03
HLA-B*55:02:01:04
HLA-B*55:02:01:05
HLA-B*55:02:01:06
HLA-B*55:02:01:07
HLA-B*55:02:01:08
HLA-B*55:02:11
HLA-B*55:02:12
HLA-B*55:02:13
HLA-B*55:02:14
HLA-B*55:02:15
HLA-B*55:02:16
HLA-B*55:03
HLA-B*55:04
HLA-B*55:12
HLA-B*56:01:01:01
HLA-B*56:01:01:02
HLA-B*56:01:01:03
HLA-B*56:01:01:04
HLA-B*56:01:01:05S
HLA-B*56:01:01:06
HLA-B*56:01:01:07
HLA-B*56:01:01:08
HLA-B*56:01:01:09
HLA-B*56:01:01:10
HLA-B*56:01:01:11
HLA-B*56:01:01:12
HLA-B*56:01:01:13
HLA-B*56:01:01:14
HLA-B*56:01:01:15
HLA-B*56:01:04
HLA-B*56:01:09
HLA-B*56:01:10
HLA-B*56:01:11
HLA-B*56:01:12
HLA-B*56:01:13
HLA-B*56:01:14
HLA-B*56:01:15
HLA-B*56:01:16
HLA-B*56:01:17
HLA-B*56:02:01:01
HLA-B*56:02:01:02
HLA-B*56:02:02
HLA-B*56:02:03
HLA-B*56:03
HLA-B*56:04:01:01
HLA-B*56:04:01:02
HLA-B*56:04:01:03
HLA-B*56:04:02
HLA-B*56:04:03
HLA-B*56:04:04
HLA-B*56:05:01
HLA-B*56:06
HLA-B*56:07
HLA-B*57:01:01:01
HLA-B*57:01:01:02
HLA-B*57:01:01:03
HLA-B*57:01:01:04
HLA-B*57:01:01:05
HLA-B*57:01:01:06
HLA-B*57:01:01:07
HLA-B*57:01:01:08
HLA-B*57:01:01:09
HLA-B*57:01:01:10
HLA-B*57:01:01:11
HLA-B*57:01:01:12
HLA-B*57:01:01:13
HLA-B*57:01:01:14
HLA-B*57:01:01:15
HLA-B*57:01:01:16
HLA-B*57:01:01:17
HLA-B*57:01:01:18
HLA-B*57:01:01:19
HLA-B*57:01:01:20
HLA-B*57:01:01:21
HLA-B*57:01:01:22
HLA-B*57:01:07
HLA-B*57:01:10
HLA-B*57:01:23
HLA-B*57:01:24
HLA-B*57:01:25
HLA-B*57:01:26
HLA-B*57:01:27
HLA-B*57:01:28
HLA-B*57:01:29
HLA-B*57:01:30
HLA-B*57:01:31
HLA-B*57:01:32
HLA-B*57:01:33
HLA-B*57:01:34
HLA-B*57:01:35
HLA-B*57:01:36
HLA-B*57:01:37
HLA-B*57:01:38
HLA-B*57:01:39
HLA-B*57:01:40
HLA-B*57:01:41
HLA-B*57:01:42
HLA-B*57:01:43
HLA-B*57:01:44
HLA-B*57:02:01:01
HLA-B*57:02:01:02
HLA-B*57:02:02
HLA-B*57:03:01:01
HLA-B*57:03:01:02
HLA-B*57:03:01:03
HLA-B*57:03:01:04
HLA-B*57:03:01:05
HLA-B*57:03:01:06
HLA-B*57:03:03
HLA-B*57:03:04
HLA-B*57:03:05
HLA-B*57:04:01
HLA-B*57:04:03
HLA-B*57:05
HLA-B*57:06
HLA-B*58:01:01:01
HLA-B*58:01:01:02
HLA-B*58:01:01:03
HLA-B*58:01:01:04
HLA-B*58:01:01:05
HLA-B*58:01:01:06
HLA-B*58:01:01:07
HLA-B*58:01:01:08
HLA-B*58:01:01:09
HLA-B*58:01:01:10
HLA-B*58:01:01:11
HLA-B*58:01:01:12
HLA-B*58:01:01:13
HLA-B*58:01:06
HLA-B*58:01:07
HLA-B*58:01:17
HLA-B*58:01:18
HLA-B*58:01:19
HLA-B*58:01:23
HLA-B*58:01:24
HLA-B*58:01:25
HLA-B*58:01:26
HLA-B*58:01:27
HLA-B*58:01:28
HLA-B*58:01:29
HLA-B*58:01:30
HLA-B*58:01:31
HLA-B*58:01:32
HLA-B*58:01:33
HLA-B*58:01:34
HLA-B*58:01:35
HLA-B*58:01:36
HLA-B*58:01:37
HLA-B*58:02:01:01
HLA-B*58:02:01:02
HLA-B*58:02:01:03
HLA-B*58:02:02
HLA-B*59:01:01:01
HLA-B*59:01:01:02
HLA-B*67:01:01
HLA-B*67:01:02
HLA-B*67:02:01:01
HLA-B*67:02:01:02
HLA-B*73:01:01:01
HLA-B*73:01:01:02
HLA-B*78:01:01:02
HLA-B*78:01:01:03
HLA-B*78:02:01
HLA-B*78:02:02
HLA-B*81:01:01:01
HLA-B*81:01:01:02
HLA-B*81:01:01:03
HLA-B*81:01:01:04
HLA-B*81:01:02
HLA-B*81:01:03
HLA-B*81:01:04
HLA-B*81:01:05
HLA-B*82:01:01:01
HLA-B*82:01:01:02
HLA-B*82:01:02
HLA-B*82:01:03
HLA-B*82:02:01:01
HLA-B*82:02:01:02
HLA-B*83:01
HLA-C*01:02:01:01
HLA-C*01:02:01:02
HLA-C*01:02:01:03
HLA-C*01:02:01:04
HLA-C*01:02:01:05
HLA-C*01:02:01:06
HLA-C*01:02:01:07
HLA-C*01:02:01:08
HLA-C*01:02:01:09
HLA-C*01:02:01:10
HLA-C*01:02:01:11
HLA-C*01:02:01:12
HLA-C*01:02:01:13
HLA-C*01:02:01:14
HLA-C*01:02:01:15
HLA-C*01:02:01:16
HLA-C*01:02:01:17
HLA-C*01:02:01:18
HLA-C*01:02:01:19
HLA-C*01:02:01:20
HLA-C*01:02:01:21
HLA-C*01:02:01:22
HLA-C*01:02:01:23
HLA-C*01:02:01:24
HLA-C*01:02:01:25
HLA-C*01:02:01:26
HLA-C*01:02:01:27
HLA-C*01:02:01:28
HLA-C*01:02:01:29
HLA-C*01:02:01:30
HLA-C*01:02:01:31
HLA-C*01:02:01:32
HLA-C*01:02:01:33
HLA-C*01:02:01:34
HLA-C*01:02:01:35
HLA-C*01:02:01:36
HLA-C*01:02:01:37
HLA-C*01:02:01:38
HLA-C*01:02:01:39
HLA-C*01:02:01:40
HLA-C*01:02:01:41
HLA-C*01:02:01:42
HLA-C*01:02:01:43
HLA-C*01:02:01:44
HLA-C*01:02:01:45
HLA-C*01:02:01:46
HLA-C*01:02:01:47
HLA-C*01:02:01:48
HLA-C*01:02:01:49
HLA-C*01:02:01:50
HLA-C*01:02:01:51
HLA-C*01:02:01:52
HLA-C*01:02:01:53
HLA-C*01:02:01:54
HLA-C*01:02:03
HLA-C*01:02:04
HLA-C*01:02:11
HLA-C*01:02:16
HLA-C*01:02:18
HLA-C*01:02:22
HLA-C*01:02:29
HLA-C*01:02:30:01
HLA-C*01:02:30:02
HLA-C*01:02:36
HLA-C*01:02:37
HLA-C*01:02:39
HLA-C*01:02:40
HLA-C*01:02:41
HLA-C*01:02:42
HLA-C*01:02:43
HLA-C*01:02:44
HLA-C*01:02:45
HLA-C*01:02:46
HLA-C*01:02:47
HLA-C*01:02:48
HLA-C*01:02:49
HLA-C*01:02:50
HLA-C*01:02:51
HLA-C*01:02:52
HLA-C*01:02:53
HLA-C*01:02:54
HLA-C*01:02:55
HLA-C*01:02:58
HLA-C*01:02:59
HLA-C*01:02:60
HLA-C*01:02:61
HLA-C*01:02:62
HLA-C*01:02:63
HLA-C*01:02:64
HLA-C*01:02:65
HLA-C*01:02:66
HLA-C*01:02:67
HLA-C*01:02:68
HLA-C*01:02:69
HLA-C*01:02:70
HLA-C*01:02:71
HLA-C*01:02:72
HLA-C*01:02:74
HLA-C*01:02:76
HLA-C*01:03:01
HLA-C*01:03:02
HLA-C*01:04
HLA-C*01:05
HLA-C*01:06
HLA-C*01:08
HLA-C*01:14
HLA-C*01:17
HLA-C*01:30
HLA-C*02:02:02:01
HLA-C*02:02:02:02
HLA-C*02:02:02:03
HLA-C*02:02:02:04
HLA-C*02:02:02:05
HLA-C*02:02:02:06
HLA-C*02:02:02:07
HLA-C*02:02:02:08
HLA-C*02:02:02:09
HLA-C*02:02:02:10
HLA-C*02:02:02:11
HLA-C*02:02:02:12
HLA-C*02:02:02:13
HLA-C*02:02:02:14
HLA-C*02:02:02:15
HLA-C*02:02:02:16
HLA-C*02:02:02:17
HLA-C*02:02:02:18
HLA-C*02:02:02:19
HLA-C*02:02:02:20
HLA-C*02:02:02:21
HLA-C*02:02:02:22
HLA-C*02:02:02:23
HLA-C*02:02:02:24
HLA-C*02:02:02:25
HLA-C*02:02:02:26
HLA-C*02:02:02:27
HLA-C*02:02:02:28
HLA-C*02:02:02:29
HLA-C*02:02:02:30
HLA-C*02:02:02:31
HLA-C*02:02:02:32
HLA-C*02:02:02:33
HLA-C*02:02:02:34Q
HLA-C*02:02:02:35
HLA-C*02:02:02:36
HLA-C*02:02:02:37
HLA-C*02:02:02:38
HLA-C*02:02:02:39
HLA-C*02:02:02:40
HLA-C*02:02:02:41
HLA-C*02:02:02:42
HLA-C*02:02:02:43
HLA-C*02:02:02:44
HLA-C*02:02:02:45
HLA-C*02:02:02:46
HLA-C*02:02:02:47
HLA-C*02:02:02:48
HLA-C*02:02:02:49
HLA-C*02:02:02:50
HLA-C*02:02:02:51
HLA-C*02:02:02:52
HLA-C*02:02:02:53
HLA-C*02:02:02:54
HLA-C*02:02:02:55
HLA-C*02:02:07
HLA-C*02:02:09
HLA-C*02:02:27
HLA-C*02:02:29
HLA-C*02:02:31
HLA-C*02:02:32
HLA-C*02:02:33
HLA-C*02:02:35
HLA-C*02:02:36
HLA-C*02:02:37
HLA-C*02:02:38
HLA-C*02:02:39
HLA-C*02:02:40
HLA-C*02:02:41
HLA-C*02:02:42
HLA-C*02:02:43
HLA-C*02:02:44
HLA-C*02:02:45
HLA-C*02:02:46
HLA-C*02:02:47
HLA-C*02:02:48
HLA-C*02:02:49
HLA-C*02:02:50
HLA-C*02:02:51
HLA-C*02:02:52
HLA-C*02:02:53
HLA-C*02:02:54
HLA-C*02:02:55
HLA-C*02:02:57
HLA-C*02:02:58
HLA-C*02:02:59
HLA-C*02:02:60
HLA-C*02:02:61
HLA-C*02:03
HLA-C*02:04
HLA-C*02:06:01
HLA-C*02:06:02
HLA-C*02:08
HLA-C*02:10:01:01
HLA-C*02:10:01:02
HLA-C*02:10:01:03
HLA-C*02:10:01:04
HLA-C*02:10:01:05
HLA-C*02:10:01:06
HLA-C*02:10:01:07
HLA-C*02:10:01:08
HLA-C*02:10:01:09
HLA-C*02:10:01:10
HLA-C*02:10:01:11
HLA-C*02:10:01:12
HLA-C*02:10:01:13
HLA-C*02:10:01:14
HLA-C*02:10:01:15
HLA-C*02:10:01:16
HLA-C*02:10:01:17
HLA-C*02:10:02
HLA-C*02:10:03
HLA-C*02:10:04
HLA-C*02:10:05
HLA-C*02:10:06
HLA-C*02:10:07
HLA-C*02:27:01
HLA-C*03:02:01
HLA-C*03:02:02:01
HLA-C*03:02:02:02
HLA-C*03:02:02:03
HLA-C*03:02:02:04
HLA-C*03:02:02:05
HLA-C*03:02:02:06
HLA-C*03:02:02:07
HLA-C*03:02:02:08
HLA-C*03:02:02:09
HLA-C*03:02:02:10
HLA-C*03:02:02:11
HLA-C*03:02:02:12
HLA-C*03:02:15
HLA-C*03:02:19
HLA-C*03:02:20
HLA-C*03:02:21
HLA-C*03:02:22
HLA-C*03:02:23
HLA-C*03:02:24
HLA-C*03:02:25
HLA-C*03:03:01:01
HLA-C*03:03:01:02
HLA-C*03:03:01:03
HLA-C*03:03:01:04
HLA-C*03:03:01:05
HLA-C*03:03:01:06
HLA-C*03:03:01:07
HLA-C*03:03:01:08
HLA-C*03:03:01:09
HLA-C*03:03:01:10
HLA-C*03:03:01:11
HLA-C*03:03:01:12
HLA-C*03:03:01:13
HLA-C*03:03:01:14
HLA-C*03:03:01:15
HLA-C*03:03:01:16
HLA-C*03:03:01:17
HLA-C*03:03:01:18
HLA-C*03:03:01:19
HLA-C*03:03:01:20
HLA-C*03:03:01:21
HLA-C*03:03:01:22
HLA-C*03:03:01:23
HLA-C*03:03:01:24
HLA-C*03:03:01:25
HLA-C*03:03:01:26
HLA-C*03:03:01:27
HLA-C*03:03:01:28
HLA-C*03:03:01:29
HLA-C*03:03:01:30
HLA-C*03:03:01:31
HLA-C*03:03:01:32
HLA-C*03:03:01:33
HLA-C*03:03:01:34
HLA-C*03:03:01:35
HLA-C*03:03:01:36
HLA-C*03:03:01:37
HLA-C*03:03:01:38
HLA-C*03:03:01:39
HLA-C*03:03:01:40
HLA-C*03:03:01:41
HLA-C*03:03:01:42
HLA-C*03:03:01:43
HLA-C*03:03:01:44
HLA-C*03:03:01:45
HLA-C*03:03:01:46
HLA-C*03:03:01:47
HLA-C*03:03:01:48
HLA-C*03:03:01:49
HLA-C*03:03:01:50
HLA-C*03:03:01:51
HLA-C*03:03:01:52N
HLA-C*03:03:02
HLA-C*03:03:04
HLA-C*03:03:19
HLA-C*03:03:22
HLA-C*03:03:27
HLA-C*03:03:28
HLA-C*03:03:29
HLA-C*03:03:30
HLA-C*03:03:31
HLA-C*03:03:32
HLA-C*03:03:33
HLA-C*03:03:34
HLA-C*03:03:36
HLA-C*03:03:38
HLA-C*03:03:39
HLA-C*03:03:40
HLA-C*03:03:41
HLA-C*03:03:42
HLA-C*03:03:43
HLA-C*03:03:44
HLA-C*03:03:45
HLA-C*03:03:46
HLA-C*03:03:47
HLA-C*03:03:48
HLA-C*03:03:49
HLA-C*03:03:50
HLA-C*03:03:51
HLA-C*03:03:52
HLA-C*03:03:53
HLA-C*03:03:55
HLA-C*03:03:56
HLA-C*03:03:57
HLA-C*03:03:58
HLA-C*03:03:59
HLA-C*03:03:60
HLA-C*03:03:61
HLA-C*03:04:01:01
HLA-C*03:04:01:02
HLA-C*03:04:01:03
HLA-C*03:04:01:04
HLA-C*03:04:01:05
HLA-C*03:04:01:06
HLA-C*03:04:01:07
HLA-C*03:04:01:08
HLA-C*03:04:01:09
HLA-C*03:04:01:10
HLA-C*03:04:01:11
HLA-C*03:04:01:12
HLA-C*03:04:01:13
HLA-C*03:04:01:14
HLA-C*03:04:01:15
HLA-C*03:04:01:16
HLA-C*03:04:01:17
HLA-C*03:04:01:18
HLA-C*03:04:01:19
HLA-C*03:04:01:20
HLA-C*03:04:01:21
HLA-C*03:04:01:22
HLA-C*03:04:01:23
HLA-C*03:04:01:24
HLA-C*03:04:01:25
HLA-C*03:04:01:26
HLA-C*03:04:01:27
HLA-C*03:04:01:28
HLA-C*03:04:01:29
HLA-C*03:04:01:30
HLA-C*03:04:01:31
HLA-C*03:04:01:32
HLA-C*03:04:01:33
HLA-C*03:04:01:34
HLA-C*03:04:01:35Q
HLA-C*03:04:01:36
HLA-C*03:04:01:37
HLA-C*03:04:01:38
HLA-C*03:04:01:39
HLA-C*03:04:01:40
HLA-C*03:04:01:41
HLA-C*03:04:01:42
HLA-C*03:04:01:43
HLA-C*03:04:01:44
HLA-C*03:04:01:45
HLA-C*03:04:01:46
HLA-C*03:04:01:47
HLA-C*03:04:01:48
HLA-C*03:04:01:49
HLA-C*03:04:01:50
HLA-C*03:04:01:51
HLA-C*03:04:01:52
HLA-C*03:04:01:53
HLA-C*03:04:01:54
HLA-C*03:04:01:55
HLA-C*03:04:01:56
HLA-C*03:04:01:57
HLA-C*03:04:01:58
HLA-C*03:04:01:59
HLA-C*03:04:01:60
HLA-C*03:04:01:61
HLA-C*03:04:01:62
HLA-C*03:04:01:63
HLA-C*03:04:02:01
HLA-C*03:04:02:02
HLA-C*03:04:02:03
HLA-C*03:04:02:04
HLA-C*03:04:02:05
HLA-C*03:04:04
HLA-C*03:04:05
HLA-C*03:04:06
HLA-C*03:04:13
HLA-C*03:04:18
HLA-C*03:04:43
HLA-C*03:04:48
HLA-C*03:04:50
HLA-C*03:04:51
HLA-C*03:04:52
HLA-C*03:04:53
HLA-C*03:04:54
HLA-C*03:04:55
HLA-C*03:04:56
HLA-C*03:04:57
HLA-C*03:04:58
HLA-C*03:04:59
HLA-C*03:04:60
HLA-C*03:04:61
HLA-C*03:04:62
HLA-C*03:04:63
HLA-C*03:04:64
HLA-C*03:04:65
HLA-C*03:04:66
HLA-C*03:04:67
HLA-C*03:04:68
HLA-C*03:04:69
HLA-C*03:04:70
HLA-C*03:04:71
HLA-C*03:04:72
HLA-C*03:04:73
HLA-C*03:04:74
HLA-C*03:04:75
HLA-C*03:04:76
HLA-C*03:04:77
HLA-C*03:04:78
HLA-C*03:04:80
HLA-C*03:04:81
HLA-C*03:04:82
HLA-C*03:04:83
HLA-C*03:04:85
HLA-C*03:04:86
HLA-C*03:04:87
HLA-C*03:04:88
HLA-C*03:04:89
HLA-C*03:05:01:01
HLA-C*03:05:01:02
HLA-C*03:06:01
HLA-C*03:07:01:01
HLA-C*03:07:01:02
HLA-C*03:07:01:03
HLA-C*03:07:01:04
HLA-C*03:08
HLA-C*03:09
HLA-C*03:10
HLA-C*03:13:01:01
HLA-C*03:13:01:02
HLA-C*03:14
HLA-C*03:16
HLA-C*03:17:01
HLA-C*03:19
HLA-C*03:21
HLA-C*03:32
HLA-C*03:42:02
HLA-C*03:43:01
HLA-C*03:56
HLA-C*03:81
HLA-C*04:01:01:01
HLA-C*04:01:01:02
HLA-C*04:01:01:03
HLA-C*04:01:01:04
HLA-C*04:01:01:05
HLA-C*04:01:01:06
HLA-C*04:01:01:07
HLA-C*04:01:01:08
HLA-C*04:01:01:09
HLA-C*04:01:01:10
HLA-C*04:01:01:100
HLA-C*04:01:01:101
HLA-C*04:01:01:102
HLA-C*04:01:01:103
HLA-C*04:01:01:104
HLA-C*04:01:01:105
HLA-C*04:01:01:106
HLA-C*04:01:01:107
HLA-C*04:01:01:108
HLA-C*04:01:01:109
HLA-C*04:01:01:11
HLA-C*04:01:01:110
HLA-C*04:01:01:111
HLA-C*04:01:01:112
HLA-C*04:01:01:113
HLA-C*04:01:01:114
HLA-C*04:01:01:115
HLA-C*04:01:01:116
HLA-C*04:01:01:117
HLA-C*04:01:01:118
HLA-C*04:01:01:119
HLA-C*04:01:01:12
HLA-C*04:01:01:120
HLA-C*04:01:01:121
HLA-C*04:01:01:122
HLA-C*04:01:01:123
HLA-C*04:01:01:124
HLA-C*04:01:01:13
HLA-C*04:01:01:14
HLA-C*04:01:01:15
HLA-C*04:01:01:16
HLA-C*04:01:01:17
HLA-C*04:01:01:18
HLA-C*04:01:01:19
HLA-C*04:01:01:20
HLA-C*04:01:01:21
HLA-C*04:01:01:22
HLA-C*04:01:01:23
HLA-C*04:01:01:24
HLA-C*04:01:01:25
HLA-C*04:01:01:26
HLA-C*04:01:01:27
HLA-C*04:01:01:28
HLA-C*04:01:01:29
HLA-C*04:01:01:31
HLA-C*04:01:01:32
HLA-C*04:01:01:33
HLA-C*04:01:01:34
HLA-C*04:01:01:35
HLA-C*04:01:01:36
HLA-C*04:01:01:37
HLA-C*04:01:01:38
HLA-C*04:01:01:39
HLA-C*04:01:01:40
HLA-C*04:01:01:41
HLA-C*04:01:01:42
HLA-C*04:01:01:43
HLA-C*04:01:01:44
HLA-C*04:01:01:45
HLA-C*04:01:01:46
HLA-C*04:01:01:47Q
HLA-C*04:01:01:48
HLA-C*04:01:01:49
HLA-C*04:01:01:50
HLA-C*04:01:01:51
HLA-C*04:01:01:52
HLA-C*04:01:01:53
HLA-C*04:01:01:54
HLA-C*04:01:01:55
HLA-C*04:01:01:56
HLA-C*04:01:01:57
HLA-C*04:01:01:58
HLA-C*04:01:01:59
HLA-C*04:01:01:60
HLA-C*04:01:01:61
HLA-C*04:01:01:62
HLA-C*04:01:01:63
HLA-C*04:01:01:64
HLA-C*04:01:01:65
HLA-C*04:01:01:66
HLA-C*04:01:01:67
HLA-C*04:01:01:68
HLA-C*04:01:01:69
HLA-C*04:01:01:70
HLA-C*04:01:01:71
HLA-C*04:01:01:72
HLA-C*04:01:01:73
HLA-C*04:01:01:74
HLA-C*04:01:01:75
HLA-C*04:01:01:76
HLA-C*04:01:01:77
HLA-C*04:01:01:78
HLA-C*04:01:01:79
HLA-C*04:01:01:80
HLA-C*04:01:01:81
HLA-C*04:01:01:82
HLA-C*04:01:01:83
HLA-C*04:01:01:84Q
HLA-C*04:01:01:85
HLA-C*04:01:01:86
HLA-C*04:01:01:87
HLA-C*04:01:01:88
HLA-C*04:01:01:89
HLA-C*04:01:01:90
HLA-C*04:01:01:91
HLA-C*04:01:01:92
HLA-C*04:01:01:93
HLA-C*04:01:01:94
HLA-C*04:01:01:95
HLA-C*04:01:01:96
HLA-C*04:01:01:97
HLA-C*04:01:01:98
HLA-C*04:01:01:99
HLA-C*04:01:03
HLA-C*04:01:08
HLA-C*04:01:10
HLA-C*04:01:100
HLA-C*04:01:101
HLA-C*04:01:102
HLA-C*04:01:103
HLA-C*04:01:104
HLA-C*04:01:105
HLA-C*04:01:106:01
HLA-C*04:01:106:02
HLA-C*04:01:107
HLA-C*04:01:108
HLA-C*04:01:109
HLA-C*04:01:110
HLA-C*04:01:111
HLA-C*04:01:112
HLA-C*04:01:113
HLA-C*04:01:114
HLA-C*04:01:115
HLA-C*04:01:116
HLA-C*04:01:117
HLA-C*04:01:118
HLA-C*04:01:119
HLA-C*04:01:120
HLA-C*04:01:121
HLA-C*04:01:122
HLA-C*04:01:123
HLA-C*04:01:124
HLA-C*04:01:125
HLA-C*04:01:126
HLA-C*04:01:127
HLA-C*04:01:128
HLA-C*04:01:129
HLA-C*04:01:130
HLA-C*04:01:131
HLA-C*04:01:132
HLA-C*04:01:133
HLA-C*04:01:134
HLA-C*04:01:135
HLA-C*04:01:136
HLA-C*04:01:137
HLA-C*04:01:138
HLA-C*04:01:139
HLA-C*04:01:21
HLA-C*04:01:22
HLA-C*04:01:23
HLA-C*04:01:29
HLA-C*04:01:33
HLA-C*04:01:44
HLA-C*04:01:48
HLA-C*04:01:49
HLA-C*04:01:56
HLA-C*04:01:62
HLA-C*04:01:64
HLA-C*04:01:66
HLA-C*04:01:68
HLA-C*04:01:73
HLA-C*04:01:74
HLA-C*04:01:75
HLA-C*04:01:76
HLA-C*04:01:79
HLA-C*04:01:80
HLA-C*04:01:81
HLA-C*04:01:82:01
HLA-C*04:01:82:02
HLA-C*04:01:82:03
HLA-C*04:01:83
HLA-C*04:01:84
HLA-C*04:01:85
HLA-C*04:01:86
HLA-C*04:01:87
HLA-C*04:01:88
HLA-C*04:01:89
HLA-C*04:01:90
HLA-C*04:01:91
HLA-C*04:01:92:01
HLA-C*04:01:92:02
HLA-C*04:01:92:03
HLA-C*04:01:93
HLA-C*04:01:94
HLA-C*04:01:95
HLA-C*04:01:96
HLA-C*04:01:97
HLA-C*04:01:98
HLA-C*04:01:99
HLA-C*04:03:01:01
HLA-C*04:03:01:02
HLA-C*04:03:05
HLA-C*04:03:06
HLA-C*04:03:07
HLA-C*04:04:01:01
HLA-C*04:04:01:02
HLA-C*04:04:02
HLA-C*04:05
HLA-C*04:06:01
HLA-C*04:06:03
HLA-C*04:07:01
HLA-C*04:07:02
HLA-C*04:10
HLA-C*04:11
HLA-C*04:14
HLA-C*04:15:02
HLA-C*04:24
HLA-C*04:29
HLA-C*04:33
HLA-C*05:01:01:01
HLA-C*05:01:01:02
HLA-C*05:01:01:03
HLA-C*05:01:01:04
HLA-C*05:01:01:05
HLA-C*05:01:01:06
HLA-C*05:01:01:07
HLA-C*05:01:01:08
HLA-C*05:01:01:09
HLA-C*05:01:01:10
HLA-C*05:01:01:11
HLA-C*05:01:01:12
HLA-C*05:01:01:13
HLA-C*05:01:01:14
HLA-C*05:01:01:15
HLA-C*05:01:01:16
HLA-C*05:01:01:17
HLA-C*05:01:01:18
HLA-C*05:01:01:19
HLA-C*05:01:01:20
HLA-C*05:01:01:21
HLA-C*05:01:01:22
HLA-C*05:01:01:23
HLA-C*05:01:01:24
HLA-C*05:01:01:25
HLA-C*05:01:01:26
HLA-C*05:01:01:27
HLA-C*05:01:01:28
HLA-C*05:01:01:29
HLA-C*05:01:01:30
HLA-C*05:01:01:31
HLA-C*05:01:01:32
HLA-C*05:01:01:33
HLA-C*05:01:01:34
HLA-C*05:01:01:35
HLA-C*05:01:01:36
HLA-C*05:01:01:37
HLA-C*05:01:01:38
HLA-C*05:01:01:39
HLA-C*05:01:01:40
HLA-C*05:01:01:41
HLA-C*05:01:01:42
HLA-C*05:01:01:43
HLA-C*05:01:01:44
HLA-C*05:01:01:45
HLA-C*05:01:01:46
HLA-C*05:01:01:47
HLA-C*05:01:01:48
HLA-C*05:01:01:49
HLA-C*05:01:01:50
HLA-C*05:01:01:51
HLA-C*05:01:01:52
HLA-C*05:01:01:53Q
HLA-C*05:01:01:54
HLA-C*05:01:02
HLA-C*05:01:05
HLA-C*05:01:11
HLA-C*05:01:16
HLA-C*05:01:17
HLA-C*05:01:32
HLA-C*05:01:33
HLA-C*05:01:34
HLA-C*05:01:35
HLA-C*05:01:37
HLA-C*05:01:38
HLA-C*05:01:39
HLA-C*05:01:40
HLA-C*05:01:41
HLA-C*05:01:42
HLA-C*05:01:43
HLA-C*05:01:44
HLA-C*05:01:45
HLA-C*05:01:46
HLA-C*05:01:47
HLA-C*05:01:48
HLA-C*05:01:49
HLA-C*05:01:50
HLA-C*05:01:51
HLA-C*05:01:53
HLA-C*05:01:54
HLA-C*05:01:55
HLA-C*05:01:57
HLA-C*05:01:59
HLA-C*05:01:60
HLA-C*05:01:61
HLA-C*05:01:62
HLA-C*05:01:63
HLA-C*05:01:64
HLA-C*05:04:01
HLA-C*05:07N
HLA-C*05:09:01
HLA-C*06:02:01:01
HLA-C*06:02:01:02
HLA-C*06:02:01:03
HLA-C*06:02:01:04
HLA-C*06:02:01:05
HLA-C*06:02:01:06
HLA-C*06:02:01:07
HLA-C*06:02:01:08
HLA-C*06:02:01:09
HLA-C*06:02:01:10
HLA-C*06:02:01:11
HLA-C*06:02:01:12
HLA-C*06:02:01:13
HLA-C*06:02:01:14
HLA-C*06:02:01:15
HLA-C*06:02:01:16
HLA-C*06:02:01:17
HLA-C*06:02:01:18
HLA-C*06:02:01:19
HLA-C*06:02:01:20
HLA-C*06:02:01:21
HLA-C*06:02:01:22
HLA-C*06:02:01:23
HLA-C*06:02:01:24
HLA-C*06:02:01:25
HLA-C*06:02:01:26
HLA-C*06:02:01:27
HLA-C*06:02:01:28
HLA-C*06:02:01:29
HLA-C*06:02:01:30
HLA-C*06:02:01:31
HLA-C*06:02:01:32
HLA-C*06:02:01:33
HLA-C*06:02:01:34
HLA-C*06:02:01:35
HLA-C*06:02:01:36
HLA-C*06:02:01:37
HLA-C*06:02:01:38
HLA-C*06:02:01:39
HLA-C*06:02:01:40
HLA-C*06:02:01:41
HLA-C*06:02:01:42
HLA-C*06:02:01:43
HLA-C*06:02:01:44
HLA-C*06:02:01:45
HLA-C*06:02:01:46
HLA-C*06:02:01:47
HLA-C*06:02:01:48
HLA-C*06:02:01:49
HLA-C*06:02:01:50
HLA-C*06:02:01:51
HLA-C*06:02:01:52
HLA-C*06:02:01:53
HLA-C*06:02:01:54
HLA-C*06:02:01:55
HLA-C*06:02:01:56
HLA-C*06:02:01:57
HLA-C*06:02:01:58
HLA-C*06:02:01:59
HLA-C*06:02:01:60
HLA-C*06:02:07
HLA-C*06:02:15
HLA-C*06:02:17
HLA-C*06:02:20
HLA-C*06:02:31
HLA-C*06:02:38
HLA-C*06:02:42
HLA-C*06:02:44
HLA-C*06:02:45
HLA-C*06:02:46
HLA-C*06:02:49
HLA-C*06:02:50:01
HLA-C*06:02:50:02
HLA-C*06:02:51
HLA-C*06:02:52
HLA-C*06:02:53
HLA-C*06:02:54
HLA-C*06:02:55
HLA-C*06:02:56
HLA-C*06:02:57
HLA-C*06:02:58
HLA-C*06:02:59
HLA-C*06:02:60
HLA-C*06:02:61
HLA-C*06:02:62
HLA-C*06:02:63
HLA-C*06:02:64
HLA-C*06:02:65
HLA-C*06:02:66
HLA-C*06:02:67
HLA-C*06:02:68
HLA-C*06:02:69
HLA-C*06:02:70
HLA-C*06:02:71
HLA-C*06:02:72
HLA-C*06:02:73
HLA-C*06:02:74
HLA-C*06:02:75
HLA-C*06:02:76
HLA-C*06:02:77
HLA-C*06:02:78
HLA-C*06:02:79
HLA-C*06:02:80
HLA-C*06:02:81
HLA-C*06:02:82
HLA-C*06:02:83
HLA-C*06:02:84
HLA-C*06:02:85
HLA-C*06:02:86
HLA-C*06:02:87
HLA-C*06:02:88
HLA-C*06:02:89
HLA-C*06:02:90
HLA-C*06:02:91
HLA-C*06:04:01
HLA-C*06:04:02:01
HLA-C*06:04:02:02
HLA-C*06:06:01:01
HLA-C*06:06:01:02
HLA-C*06:08
HLA-C*06:09:01
HLA-C*06:24
HLA-C*07:01:01:01
HLA-C*07:01:01:02
HLA-C*07:01:01:03
HLA-C*07:01:01:04
HLA-C*07:01:01:05
HLA-C*07:01:01:06
HLA-C*07:01:01:07
HLA-C*07:01:01:08
HLA-C*07:01:01:09
HLA-C*07:01:01:10
HLA-C*07:01:01:100
HLA-C*07:01:01:101
HLA-C*07:01:01:102
HLA-C*07:01:01:103
HLA-C*07:01:01:104
HLA-C*07:01:01:11
HLA-C*07:01:01:12
HLA-C*07:01:01:13
HLA-C*07:01:01:14Q
HLA-C*07:01:01:15
HLA-C*07:01:01:16
HLA-C*07:01:01:17
HLA-C*07:01:01:18
HLA-C*07:01:01:19
HLA-C*07:01:01:20
HLA-C*07:01:01:21
HLA-C*07:01:01:22
HLA-C*07:01:01:23
HLA-C*07:01:01:24
HLA-C*07:01:01:25
HLA-C*07:01:01:26
HLA-C*07:01:01:27
HLA-C*07:01:01:28
HLA-C*07:01:01:29
HLA-C*07:01:01:30
HLA-C*07:01:01:31
HLA-C*07:01:01:32
HLA-C*07:01:01:33
HLA-C*07:01:01:34
HLA-C*07:01:01:35
HLA-C*07:01:01:36
HLA-C*07:01:01:37
HLA-C*07:01:01:38
HLA-C*07:01:01:39
HLA-C*07:01:01:40
HLA-C*07:01:01:41
HLA-C*07:01:01:42
HLA-C*07:01:01:43
HLA-C*07:01:01:44
HLA-C*07:01:01:45
HLA-C*07:01:01:46
HLA-C*07:01:01:47
HLA-C*07:01:01:48
HLA-C*07:01:01:49
HLA-C*07:01:01:50
HLA-C*07:01:01:51
HLA-C*07:01:01:52
HLA-C*07:01:01:53
HLA-C*07:01:01:54
HLA-C*07:01:01:55
HLA-C*07:01:01:56
HLA-C*07:01:01:57
HLA-C*07:01:01:58
HLA-C*07:01:01:59
HLA-C*07:01:01:60
HLA-C*07:01:01:61
HLA-C*07:01:01:62
HLA-C*07:01:01:63
HLA-C*07:01:01:64
HLA-C*07:01:01:65
HLA-C*07:01:01:66
HLA-C*07:01:01:67
HLA-C*07:01:01:68
HLA-C*07:01:01:69
HLA-C*07:01:01:70
HLA-C*07:01:01:71
HLA-C*07:01:01:72
HLA-C*07:01:01:73
HLA-C*07:01:01:74
HLA-C*07:01:01:75
HLA-C*07:01:01:76
HLA-C*07:01:01:77
HLA-C*07:01:01:78
HLA-C*07:01:01:79
HLA-C*07:01:01:80
HLA-C*07:01:01:81
HLA-C*07:01:01:82
HLA-C*07:01:01:83
HLA-C*07:01:01:84
HLA-C*07:01:01:85
HLA-C*07:01:01:86
HLA-C*07:01:01:87
HLA-C*07:01:01:88
HLA-C*07:01:01:89
HLA-C*07:01:01:90
HLA-C*07:01:01:91
HLA-C*07:01:01:92
HLA-C*07:01:01:93
HLA-C*07:01:01:94
HLA-C*07:01:01:95
HLA-C*07:01:01:96
HLA-C*07:01:01:97
HLA-C*07:01:01:98
HLA-C*07:01:01:99
HLA-C*07:01:02:01
HLA-C*07:01:02:02
HLA-C*07:01:02:03
HLA-C*07:01:02:04
HLA-C*07:01:02:05
HLA-C*07:01:02:06
HLA-C*07:01:02:07
HLA-C*07:01:02:08
HLA-C*07:01:02:09
HLA-C*07:01:02:10
HLA-C*07:01:05
HLA-C*07:01:07
HLA-C*07:01:08
HLA-C*07:01:09
HLA-C*07:01:19
HLA-C*07:01:27
HLA-C*07:01:31
HLA-C*07:01:45
HLA-C*07:01:46
HLA-C*07:01:49
HLA-C*07:01:50
HLA-C*07:01:51
HLA-C*07:01:52
HLA-C*07:01:53
HLA-C*07:01:54
HLA-C*07:01:55
HLA-C*07:01:56
HLA-C*07:01:57
HLA-C*07:01:58
HLA-C*07:01:59
HLA-C*07:01:60
HLA-C*07:01:61
HLA-C*07:01:62
HLA-C*07:01:63
HLA-C*07:01:64
HLA-C*07:01:65
HLA-C*07:01:66
HLA-C*07:01:67
HLA-C*07:01:68
HLA-C*07:01:69
HLA-C*07:01:70
HLA-C*07:01:71
HLA-C*07:01:72
HLA-C*07:01:73
HLA-C*07:01:74
HLA-C*07:01:75
HLA-C*07:01:76
HLA-C*07:01:77
HLA-C*07:01:78
HLA-C*07:01:79
HLA-C*07:01:80
HLA-C*07:01:81
HLA-C*07:01:82
HLA-C*07:01:83
HLA-C*07:01:84
HLA-C*07:01:85
HLA-C*07:01:86
HLA-C*07:01:87
HLA-C*07:01:89
HLA-C*07:01:90
HLA-C*07:01:91
HLA-C*07:01:92
HLA-C*07:01:93
HLA-C*07:01:94
HLA-C*07:01:95
HLA-C*07:01:96
HLA-C*07:01:97
HLA-C*07:01:98
HLA-C*07:01:99
HLA-C*07:02:01:01
HLA-C*07:02:01:02
HLA-C*07:02:01:03
HLA-C*07:02:01:04
HLA-C*07:02:01:05
HLA-C*07:02:01:06
HLA-C*07:02:01:07
HLA-C*07:02:01:08
HLA-C*07:02:01:09
HLA-C*07:02:01:10
HLA-C*07:02:01:100
HLA-C*07:02:01:101
HLA-C*07:02:01:102
HLA-C*07:02:01:103
HLA-C*07:02:01:104
HLA-C*07:02:01:105
HLA-C*07:02:01:106
HLA-C*07:02:01:107
HLA-C*07:02:01:108
HLA-C*07:02:01:109
HLA-C*07:02:01:11
HLA-C*07:02:01:110
HLA-C*07:02:01:111
HLA-C*07:02:01:112
HLA-C*07:02:01:113
HLA-C*07:02:01:114
HLA-C*07:02:01:115
HLA-C*07:02:01:116
HLA-C*07:02:01:117
HLA-C*07:02:01:118Q
HLA-C*07:02:01:119
HLA-C*07:02:01:12
HLA-C*07:02:01:120
HLA-C*07:02:01:121
HLA-C*07:02:01:122
HLA-C*07:02:01:123
HLA-C*07:02:01:124Q
HLA-C*07:02:01:125Q
HLA-C*07:02:01:126
HLA-C*07:02:01:127
HLA-C*07:02:01:128
HLA-C*07:02:01:129
HLA-C*07:02:01:13
HLA-C*07:02:01:130
HLA-C*07:02:01:131
HLA-C*07:02:01:132
HLA-C*07:02:01:133
HLA-C*07:02:01:14
HLA-C*07:02:01:15
HLA-C*07:02:01:16
HLA-C*07:02:01:17N
HLA-C*07:02:01:18
HLA-C*07:02:01:19
HLA-C*07:02:01:20
HLA-C*07:02:01:21
HLA-C*07:02:01:22
HLA-C*07:02:01:23
HLA-C*07:02:01:24
HLA-C*07:02:01:25
HLA-C*07:02:01:26
HLA-C*07:02:01:27
HLA-C*07:02:01:28
HLA-C*07:02:01:29
HLA-C*07:02:01:30
HLA-C*07:02:01:31
HLA-C*07:02:01:32
HLA-C*07:02:01:33
HLA-C*07:02:01:34
HLA-C*07:02:01:35
HLA-C*07:02:01:36
HLA-C*07:02:01:37
HLA-C*07:02:01:38
HLA-C*07:02:01:39
HLA-C*07:02:01:40
HLA-C*07:02:01:41
HLA-C*07:02:01:42
HLA-C*07:02:01:43
HLA-C*07:02:01:44
HLA-C*07:02:01:45
HLA-C*07:02:01:46
HLA-C*07:02:01:47
HLA-C*07:02:01:48
HLA-C*07:02:01:49
HLA-C*07:02:01:50
HLA-C*07:02:01:51
HLA-C*07:02:01:52
HLA-C*07:02:01:53
HLA-C*07:02:01:54
HLA-C*07:02:01:55
HLA-C*07:02:01:56
HLA-C*07:02:01:57
HLA-C*07:02:01:58
HLA-C*07:02:01:59
HLA-C*07:02:01:60
HLA-C*07:02:01:61
HLA-C*07:02:01:62
HLA-C*07:02:01:63
HLA-C*07:02:01:64
HLA-C*07:02:01:65
HLA-C*07:02:01:66
HLA-C*07:02:01:67
HLA-C*07:02:01:68
HLA-C*07:02:01:69
HLA-C*07:02:01:70
HLA-C*07:02:01:71
HLA-C*07:02:01:72
HLA-C*07:02:01:73
HLA-C*07:02:01:74Q
HLA-C*07:02:01:75
HLA-C*07:02:01:76
HLA-C*07:02:01:77
HLA-C*07:02:01:78
HLA-C*07:02:01:79
HLA-C*07:02:01:80
HLA-C*07:02:01:81
HLA-C*07:02:01:82
HLA-C*07:02:01:83
HLA-C*07:02:01:84
HLA-C*07:02:01:85
HLA-C*07:02:01:86
HLA-C*07:02:01:87
HLA-C*07:02:01:88
HLA-C*07:02:01:89
HLA-C*07:02:01:90
HLA-C*07:02:01:91
HLA-C*07:02:01:92
HLA-C*07:02:01:93
HLA-C*07:02:01:94
HLA-C*07:02:01:95
HLA-C*07:02:01:96
HLA-C*07:02:01:97
HLA-C*07:02:01:98
HLA-C*07:02:01:99
HLA-C*07:02:05
HLA-C*07:02:06
HLA-C*07:02:08
HLA-C*07:02:10
HLA-C*07:02:100
HLA-C*07:02:101
HLA-C*07:02:102
HLA-C*07:02:103
HLA-C*07:02:104:01
HLA-C*07:02:104:02
HLA-C*07:02:105
HLA-C*07:02:106:01
HLA-C*07:02:106:02
HLA-C*07:02:108
HLA-C*07:02:109
HLA-C*07:02:11
HLA-C*07:02:110
HLA-C*07:02:111
HLA-C*07:02:112
HLA-C*07:02:113
HLA-C*07:02:114
HLA-C*07:02:115
HLA-C*07:02:116
HLA-C*07:02:117
HLA-C*07:02:118
HLA-C*07:02:119
HLA-C*07:02:120
HLA-C*07:02:121
HLA-C*07:02:122
HLA-C*07:02:123
HLA-C*07:02:124
HLA-C*07:02:125
HLA-C*07:02:126
HLA-C*07:02:127
HLA-C*07:02:128
HLA-C*07:02:129
HLA-C*07:02:130
HLA-C*07:02:131
HLA-C*07:02:132
HLA-C*07:02:133
HLA-C*07:02:134
HLA-C*07:02:16
HLA-C*07:02:20
HLA-C*07:02:24
HLA-C*07:02:30
HLA-C*07:02:36:01
HLA-C*07:02:36:02
HLA-C*07:02:60
HLA-C*07:02:63
HLA-C*07:02:64
HLA-C*07:02:69
HLA-C*07:02:74
HLA-C*07:02:75
HLA-C*07:02:76
HLA-C*07:02:77
HLA-C*07:02:78
HLA-C*07:02:79
HLA-C*07:02:80
HLA-C*07:02:82
HLA-C*07:02:84
HLA-C*07:02:85
HLA-C*07:02:86
HLA-C*07:02:87
HLA-C*07:02:88
HLA-C*07:02:89
HLA-C*07:02:90
HLA-C*07:02:91
HLA-C*07:02:93
HLA-C*07:02:94
HLA-C*07:02:95
HLA-C*07:02:96
HLA-C*07:02:97
HLA-C*07:02:98
HLA-C*07:02:99
HLA-C*07:04:01:01
HLA-C*07:04:01:02
HLA-C*07:04:01:03
HLA-C*07:04:01:04
HLA-C*07:04:01:05
HLA-C*07:04:01:06
HLA-C*07:04:01:07
HLA-C*07:04:01:08
HLA-C*07:04:01:09
HLA-C*07:04:01:10
HLA-C*07:04:01:11
HLA-C*07:04:01:12
HLA-C*07:04:01:13
HLA-C*07:04:01:14
HLA-C*07:04:01:15Q
HLA-C*07:04:01:16Q
HLA-C*07:04:01:17
HLA-C*07:04:02:01
HLA-C*07:04:02:02
HLA-C*07:04:03
HLA-C*07:04:04
HLA-C*07:04:11
HLA-C*07:04:12
HLA-C*07:04:13
HLA-C*07:04:14
HLA-C*07:04:15
HLA-C*07:04:16
HLA-C*07:04:17
HLA-C*07:04:18
HLA-C*07:04:19
HLA-C*07:04:20
HLA-C*07:04:21
HLA-C*07:04:22
HLA-C*07:04:23
HLA-C*07:04:24
HLA-C*07:04:25
HLA-C*07:05
HLA-C*07:06:01:01
HLA-C*07:06:01:02
HLA-C*07:06:01:03
HLA-C*07:06:01:04
HLA-C*07:06:01:05Q
HLA-C*07:06:01:06
HLA-C*07:06:01:07
HLA-C*07:06:01:08
HLA-C*07:06:02
HLA-C*07:06:03
HLA-C*07:06:04
HLA-C*07:07
HLA-C*07:10
HLA-C*07:109:02
HLA-C*07:123:02
HLA-C*07:13:01:01
HLA-C*07:13:01:02
HLA-C*07:17:01:01
HLA-C*07:17:01:02
HLA-C*07:17:03
HLA-C*07:18:01:01
HLA-C*07:18:01:02
HLA-C*07:18:01:03
HLA-C*07:18:01:04
HLA-C*07:18:01:05
HLA-C*07:18:01:06
HLA-C*07:18:02
HLA-C*07:18:03
HLA-C*07:18:04
HLA-C*07:18:05
HLA-C*07:18:06
HLA-C*07:18:07
HLA-C*07:18:08:01
HLA-C*07:18:08:02
HLA-C*07:18:09
HLA-C*07:19
HLA-C*07:21
HLA-C*07:22
HLA-C*07:27:01
HLA-C*07:29:01:01
HLA-C*07:29:01:02
HLA-C*07:32N
HLA-C*07:37:01:02
HLA-C*07:46
HLA-C*07:49
HLA-C*07:56:02
HLA-C*07:67
HLA-C*07:68
HLA-C*07:80
HLA-C*07:95
HLA-C*08:01:01:01
HLA-C*08:01:01:02
HLA-C*08:01:01:03
HLA-C*08:01:01:04
HLA-C*08:01:01:05
HLA-C*08:01:01:06
HLA-C*08:01:01:07
HLA-C*08:01:01:08
HLA-C*08:01:01:09
HLA-C*08:01:01:10
HLA-C*08:01:01:11
HLA-C*08:01:01:12
HLA-C*08:01:01:13
HLA-C*08:01:01:14
HLA-C*08:01:03
HLA-C*08:01:14
HLA-C*08:01:21
HLA-C*08:01:22
HLA-C*08:01:23
HLA-C*08:01:24
HLA-C*08:01:25
HLA-C*08:01:26
HLA-C*08:01:27
HLA-C*08:01:28
HLA-C*08:01:29
HLA-C*08:01:30
HLA-C*08:02:01:01
HLA-C*08:02:01:02
HLA-C*08:02:01:03
HLA-C*08:02:01:04
HLA-C*08:02:01:05
HLA-C*08:02:01:06
HLA-C*08:02:01:07
HLA-C*08:02:01:08
HLA-C*08:02:01:09
HLA-C*08:02:01:10
HLA-C*08:02:01:11
HLA-C*08:02:01:12
HLA-C*08:02:01:13
HLA-C*08:02:01:14
HLA-C*08:02:01:15
HLA-C*08:02:01:16
HLA-C*08:02:01:17
HLA-C*08:02:01:18
HLA-C*08:02:01:19
HLA-C*08:02:01:20
HLA-C*08:02:01:21
HLA-C*08:02:01:22
HLA-C*08:02:01:23
HLA-C*08:02:01:24
HLA-C*08:02:01:25
HLA-C*08:02:01:26
HLA-C*08:02:01:27
HLA-C*08:02:01:28
HLA-C*08:02:01:29
HLA-C*08:02:01:30
HLA-C*08:02:01:31
HLA-C*08:02:01:32
HLA-C*08:02:01:33
HLA-C*08:02:01:34
HLA-C*08:02:08
HLA-C*08:02:11:01
HLA-C*08:02:11:02
HLA-C*08:02:12
HLA-C*08:02:13
HLA-C*08:02:14
HLA-C*08:02:15
HLA-C*08:02:16
HLA-C*08:02:17
HLA-C*08:02:18
HLA-C*08:02:19
HLA-C*08:02:20
HLA-C*08:02:21
HLA-C*08:02:22
HLA-C*08:02:23
HLA-C*08:02:24
HLA-C*08:02:25
HLA-C*08:02:26
HLA-C*08:02:27
HLA-C*08:02:28
HLA-C*08:02:29
HLA-C*08:02:30
HLA-C*08:02:31
HLA-C*08:02:32
HLA-C*08:02:33
HLA-C*08:03:01:01
HLA-C*08:03:01:02
HLA-C*08:03:04
HLA-C*08:04:01:01
HLA-C*08:04:01:02
HLA-C*08:04:02
HLA-C*08:05
HLA-C*08:06
HLA-C*08:13
HLA-C*08:21
HLA-C*08:27
HLA-C*12:02:02:01
HLA-C*12:02:02:02
HLA-C*12:02:02:03
HLA-C*12:02:02:04
HLA-C*12:02:02:05
HLA-C*12:02:02:06
HLA-C*12:02:02:07
HLA-C*12:02:02:08
HLA-C*12:02:02:09
HLA-C*12:02:02:10
HLA-C*12:02:02:11
HLA-C*12:02:02:12
HLA-C*12:02:02:13
HLA-C*12:02:02:14
HLA-C*12:02:02:15
HLA-C*12:02:12
HLA-C*12:02:14
HLA-C*12:02:16
HLA-C*12:02:18
HLA-C*12:02:19
HLA-C*12:02:20
HLA-C*12:02:21
HLA-C*12:02:22
HLA-C*12:02:23
HLA-C*12:02:24
HLA-C*12:02:25
HLA-C*12:02:26
HLA-C*12:02:27
HLA-C*12:02:28
HLA-C*12:02:29
HLA-C*12:02:30
HLA-C*12:02:31
HLA-C*12:02:32
HLA-C*12:02:33
HLA-C*12:02:34
HLA-C*12:02:35
HLA-C*12:02:36
HLA-C*12:02:37
HLA-C*12:02:38
HLA-C*12:02:39
HLA-C*12:02:40
HLA-C*12:02:41
HLA-C*12:02:42
HLA-C*12:03:01:01
HLA-C*12:03:01:02
HLA-C*12:03:01:03
HLA-C*12:03:01:04
HLA-C*12:03:01:05
HLA-C*12:03:01:06
HLA-C*12:03:01:07
HLA-C*12:03:01:08
HLA-C*12:03:01:09
HLA-C*12:03:01:10
HLA-C*12:03:01:11
HLA-C*12:03:01:12
HLA-C*12:03:01:13
HLA-C*12:03:01:14
HLA-C*12:03:01:15
HLA-C*12:03:01:16
HLA-C*12:03:01:17
HLA-C*12:03:01:18
HLA-C*12:03:01:19
HLA-C*12:03:01:20
HLA-C*12:03:01:21
HLA-C*12:03:01:22
HLA-C*12:03:01:23
HLA-C*12:03:01:24
HLA-C*12:03:01:25
HLA-C*12:03:01:26
HLA-C*12:03:01:27
HLA-C*12:03:01:28
HLA-C*12:03:01:29
HLA-C*12:03:01:30
HLA-C*12:03:01:31
HLA-C*12:03:01:32
HLA-C*12:03:01:33
HLA-C*12:03:01:34
HLA-C*12:03:01:35
HLA-C*12:03:01:36
HLA-C*12:03:01:37
HLA-C*12:03:01:38
HLA-C*12:03:01:39
HLA-C*12:03:01:40
HLA-C*12:03:01:41
HLA-C*12:03:01:42
HLA-C*12:03:06
HLA-C*12:03:08
HLA-C*12:03:29
HLA-C*12:03:34:01
HLA-C*12:03:34:02
HLA-C*12:03:35
HLA-C*12:03:36
HLA-C*12:03:37
HLA-C*12:03:38
HLA-C*12:03:39
HLA-C*12:03:40
HLA-C*12:03:41
HLA-C*12:03:43
HLA-C*12:03:44
HLA-C*12:03:45
HLA-C*12:03:46
HLA-C*12:03:47
HLA-C*12:03:48
HLA-C*12:03:49
HLA-C*12:03:50
HLA-C*12:03:51
HLA-C*12:03:52
HLA-C*12:03:53
HLA-C*12:03:54
HLA-C*12:03:56
HLA-C*12:03:57
HLA-C*12:03:58
HLA-C*12:03:59
HLA-C*12:03:60
HLA-C*12:03:61
HLA-C*12:03:62
HLA-C*12:03:63
HLA-C*12:03:64
HLA-C*12:03:65
HLA-C*12:03:66
HLA-C*12:03:67
HLA-C*12:03:68
HLA-C*12:03:69
HLA-C*12:03:70
HLA-C*12:03:71
HLA-C*12:03:72
HLA-C*12:04:02:01
HLA-C*12:04:02:02
HLA-C*12:05:01
HLA-C*12:05:02
HLA-C*12:12
HLA-C*12:16:01
HLA-C*12:16:02
HLA-C*14:02:01:01
HLA-C*14:02:01:02
HLA-C*14:02:01:03
HLA-C*14:02:01:04
HLA-C*14:02:01:05
HLA-C*14:02:01:06
HLA-C*14:02:01:07
HLA-C*14:02:01:08
HLA-C*14:02:01:09
HLA-C*14:02:01:10
HLA-C*14:02:01:11
HLA-C*14:02:01:12
HLA-C*14:02:01:13
HLA-C*14:02:01:14
HLA-C*14:02:01:15
HLA-C*14:02:01:16
HLA-C*14:02:01:17
HLA-C*14:02:01:18
HLA-C*14:02:01:19
HLA-C*14:02:01:20
HLA-C*14:02:01:21
HLA-C*14:02:02
HLA-C*14:02:03
HLA-C*14:02:12
HLA-C*14:02:17
HLA-C*14:02:19
HLA-C*14:02:21
HLA-C*14:02:22
HLA-C*14:02:23
HLA-C*14:02:24
HLA-C*14:02:25
HLA-C*14:02:26
HLA-C*14:02:27
HLA-C*14:02:28
HLA-C*14:02:29
HLA-C*14:02:30
HLA-C*14:02:31
HLA-C*14:02:32
HLA-C*14:02:33
HLA-C*14:02:34
HLA-C*14:02:35
HLA-C*14:02:36
HLA-C*14:02:37
HLA-C*14:02:38
HLA-C*14:02:39
HLA-C*14:03:01:01
HLA-C*14:03:01:02
HLA-C*14:03:02
HLA-C*14:03:03
HLA-C*14:03:04
HLA-C*14:04
HLA-C*15:02:01:01
HLA-C*15:02:01:02
HLA-C*15:02:01:03
HLA-C*15:02:01:04
HLA-C*15:02:01:05
HLA-C*15:02:01:06
HLA-C*15:02:01:07
HLA-C*15:02:01:08N
HLA-C*15:02:01:09
HLA-C*15:02:01:10
HLA-C*15:02:01:11
HLA-C*15:02:01:12
HLA-C*15:02:01:13
HLA-C*15:02:01:14
HLA-C*15:02:01:15
HLA-C*15:02:01:16
HLA-C*15:02:01:17
HLA-C*15:02:01:18
HLA-C*15:02:01:19
HLA-C*15:02:01:20
HLA-C*15:02:01:21
HLA-C*15:02:01:22
HLA-C*15:02:01:23
HLA-C*15:02:01:24
HLA-C*15:02:01:25
HLA-C*15:02:01:26
HLA-C*15:02:01:27
HLA-C*15:02:01:28
HLA-C*15:02:01:29
HLA-C*15:02:01:30Q
HLA-C*15:02:01:31
HLA-C*15:02:01:32
HLA-C*15:02:01:33
HLA-C*15:02:01:34
HLA-C*15:02:01:35Q
HLA-C*15:02:01:36
HLA-C*15:02:01:37
HLA-C*15:02:02:01
HLA-C*15:02:02:02
HLA-C*15:02:25
HLA-C*15:02:26
HLA-C*15:02:27
HLA-C*15:02:28
HLA-C*15:02:29
HLA-C*15:02:30
HLA-C*15:02:31
HLA-C*15:02:33:01
HLA-C*15:02:33:02
HLA-C*15:02:34
HLA-C*15:02:35
HLA-C*15:02:36
HLA-C*15:02:37
HLA-C*15:02:38
HLA-C*15:02:39
HLA-C*15:02:40
HLA-C*15:02:41
HLA-C*15:02:42
HLA-C*15:02:43
HLA-C*15:02:44
HLA-C*15:02:45
HLA-C*15:02:46
HLA-C*15:02:47
HLA-C*15:03
HLA-C*15:04:01:01
HLA-C*15:04:01:02
HLA-C*15:04:01:03
HLA-C*15:04:04
HLA-C*15:04:05
HLA-C*15:05:01:01
HLA-C*15:05:01:02
HLA-C*15:05:01:03
HLA-C*15:05:01:04
HLA-C*15:05:02:01
HLA-C*15:05:02:02
HLA-C*15:05:02:03
HLA-C*15:05:02:04
HLA-C*15:05:02:05
HLA-C*15:05:02:06
HLA-C*15:05:02:07
HLA-C*15:05:02:08
HLA-C*15:05:02:09
HLA-C*15:05:02:10
HLA-C*15:05:03
HLA-C*15:05:04
HLA-C*15:05:06
HLA-C*15:05:07
HLA-C*15:05:12
HLA-C*15:05:13
HLA-C*15:05:14
HLA-C*15:05:15
HLA-C*15:05:16
HLA-C*15:05:17
HLA-C*15:05:18
HLA-C*15:06:01
HLA-C*15:07:01:01
HLA-C*15:07:01:02
HLA-C*15:08:01
HLA-C*15:08:02
HLA-C*15:09:01:01
HLA-C*15:09:01:02
HLA-C*15:09:02
HLA-C*15:11
HLA-C*15:17
HLA-C*16:01:01:01
HLA-C*16:01:01:02
HLA-C*16:01:01:03
HLA-C*16:01:01:04
HLA-C*16:01:01:05
HLA-C*16:01:01:06
HLA-C*16:01:01:07
HLA-C*16:01:01:08
HLA-C*16:01:01:09
HLA-C*16:01:01:10
HLA-C*16:01:01:11
HLA-C*16:01:01:12
HLA-C*16:01:01:13
HLA-C*16:01:01:14
HLA-C*16:01:01:15
HLA-C*16:01:01:16
HLA-C*16:01:01:17
HLA-C*16:01:01:18
HLA-C*16:01:01:19
HLA-C*16:01:01:20
HLA-C*16:01:01:21
HLA-C*16:01:01:22
HLA-C*16:01:01:23
HLA-C*16:01:04
HLA-C*16:01:09
HLA-C*16:01:18
HLA-C*16:01:20
HLA-C*16:01:21
HLA-C*16:01:22
HLA-C*16:01:23
HLA-C*16:01:24
HLA-C*16:01:25
HLA-C*16:01:26
HLA-C*16:01:27
HLA-C*16:01:28
HLA-C*16:01:29
HLA-C*16:01:30
HLA-C*16:01:31
HLA-C*16:01:32
HLA-C*16:01:33
HLA-C*16:01:34
HLA-C*16:01:35
HLA-C*16:01:36
HLA-C*16:01:37
HLA-C*16:01:38
HLA-C*16:01:39
HLA-C*16:01:40
HLA-C*16:01:41
HLA-C*16:02:01:01
HLA-C*16:02:01:02
HLA-C*16:02:01:03
HLA-C*16:02:01:04
HLA-C*16:02:14
HLA-C*16:02:15
HLA-C*16:02:16
HLA-C*16:02:18
HLA-C*16:02:19
HLA-C*16:04:01:01
HLA-C*16:04:01:02
HLA-C*16:04:01:03
HLA-C*16:04:03
HLA-C*16:08
HLA-C*17:01:01:02
HLA-C*17:01:01:03
HLA-C*17:01:01:04
HLA-C*17:01:01:05
HLA-C*17:01:01:06
HLA-C*17:01:01:07
HLA-C*17:01:01:08
HLA-C*17:01:01:09
HLA-C*17:01:01:10
HLA-C*17:01:01:11
HLA-C*17:01:01:12
HLA-C*17:01:01:13
HLA-C*17:01:01:14
HLA-C*17:01:01:15
HLA-C*17:01:01:16Q
HLA-C*17:01:01:17
HLA-C*17:01:01:18
HLA-C*17:01:12
HLA-C*17:01:13
HLA-C*17:01:14
HLA-C*17:01:15
HLA-C*17:01:16
HLA-C*17:04
HLA-C*18:01:01:01
HLA-C*18:01:01:02
HLA-C*18:01:01:03
HLA-C*18:01:02
